{"C:\\jp\\Room-Rental-App\\src\\App.js": {"path":"C:\\jp\\Room-Rental-App\\src\\App.js","statementMap":{"0":{"start":{"line":27,"column":2},"end":{"line":91,"column":4}}},"fnMap":{"0":{"name":"App","decl":{"start":{"line":26,"column":9},"end":{"line":26,"column":12}},"loc":{"start":{"line":26,"column":15},"end":{"line":92,"column":1}},"line":26}},"branchMap":{},"s":{"0":1},"f":{"0":1},"b":{},"_coverageSchema":"1a1c01bbd47fc00a2c39e90264f33305004495a9","hash":"597ccc5d868f4a15e989caebdeb6a80172e90ba9"}
,"C:\\jp\\Room-Rental-App\\src\\firebase.js": {"path":"C:\\jp\\Room-Rental-App\\src\\firebase.js","statementMap":{"0":{"start":{"line":4,"column":23},"end":{"line":11,"column":1}},"1":{"start":{"line":13,"column":12},"end":{"line":13,"column":41}},"2":{"start":{"line":14,"column":20},"end":{"line":14,"column":32}},"3":{"start":{"line":15,"column":18},"end":{"line":15,"column":35}}},"fnMap":{},"branchMap":{},"s":{"0":1,"1":1,"2":1,"3":1},"f":{},"b":{},"_coverageSchema":"1a1c01bbd47fc00a2c39e90264f33305004495a9","hash":"86d1ac1ced5a6ab5ae1eb2f40433774c1a080c6a"}
,"C:\\jp\\Room-Rental-App\\src\\index.js": {"path":"C:\\jp\\Room-Rental-App\\src\\index.js","statementMap":{"0":{"start":{"line":7,"column":13},"end":{"line":7,"column":65}},"1":{"start":{"line":8,"column":0},"end":{"line":12,"column":2}},"2":{"start":{"line":17,"column":0},"end":{"line":17,"column":18}}},"fnMap":{},"branchMap":{},"s":{"0":0,"1":0,"2":0},"f":{},"b":{}}
,"C:\\jp\\Room-Rental-App\\src\\reportWebVitals.js": {"path":"C:\\jp\\Room-Rental-App\\src\\reportWebVitals.js","statementMap":{"0":{"start":{"line":1,"column":24},"end":{"line":11,"column":1}},"1":{"start":{"line":2,"column":2},"end":{"line":10,"column":3}},"2":{"start":{"line":3,"column":4},"end":{"line":9,"column":7}},"3":{"start":{"line":4,"column":6},"end":{"line":4,"column":26}},"4":{"start":{"line":5,"column":6},"end":{"line":5,"column":26}},"5":{"start":{"line":6,"column":6},"end":{"line":6,"column":26}},"6":{"start":{"line":7,"column":6},"end":{"line":7,"column":26}},"7":{"start":{"line":8,"column":6},"end":{"line":8,"column":27}}},"fnMap":{"0":{"name":"(anonymous_0)","decl":{"start":{"line":1,"column":24},"end":{"line":1,"column":25}},"loc":{"start":{"line":1,"column":39},"end":{"line":11,"column":1}},"line":1},"1":{"name":"(anonymous_1)","decl":{"start":{"line":3,"column":30},"end":{"line":3,"column":31}},"loc":{"start":{"line":3,"column":79},"end":{"line":9,"column":5}},"line":3}},"branchMap":{"0":{"loc":{"start":{"line":2,"column":2},"end":{"line":10,"column":3}},"type":"if","locations":[{"start":{"line":2,"column":2},"end":{"line":10,"column":3}},{"start":{},"end":{}}],"line":2},"1":{"loc":{"start":{"line":2,"column":6},"end":{"line":2,"column":52}},"type":"binary-expr","locations":[{"start":{"line":2,"column":6},"end":{"line":2,"column":17}},{"start":{"line":2,"column":21},"end":{"line":2,"column":52}}],"line":2}},"s":{"0":0,"1":0,"2":0,"3":0,"4":0,"5":0,"6":0,"7":0},"f":{"0":0,"1":0},"b":{"0":[0,0],"1":[0,0]}}
,"C:\\jp\\Room-Rental-App\\src\\components\\Footer.js": {"path":"C:\\jp\\Room-Rental-App\\src\\components\\Footer.js","statementMap":{"0":{"start":{"line":4,"column":15},"end":{"line":63,"column":1}},"1":{"start":{"line":5,"column":2},"end":{"line":62,"column":4}}},"fnMap":{"0":{"name":"(anonymous_0)","decl":{"start":{"line":4,"column":15},"end":{"line":4,"column":16}},"loc":{"start":{"line":4,"column":21},"end":{"line":63,"column":1}},"line":4}},"branchMap":{},"s":{"0":1,"1":1},"f":{"0":1},"b":{},"_coverageSchema":"1a1c01bbd47fc00a2c39e90264f33305004495a9","hash":"dc2db8792320b0446a5107519e1e854ca2b0a240"}
,"C:\\jp\\Room-Rental-App\\src\\components\\Navbar.js": {"path":"C:\\jp\\Room-Rental-App\\src\\components\\Navbar.js","statementMap":{"0":{"start":{"line":7,"column":15},"end":{"line":100,"column":1}},"1":{"start":{"line":8,"column":27},"end":{"line":8,"column":50}},"2":{"start":{"line":10,"column":2},"end":{"line":99,"column":4}},"3":{"start":{"line":22,"column":16},"end":{"line":22,"column":57}},"4":{"start":{"line":29,"column":16},"end":{"line":29,"column":57}},"5":{"start":{"line":39,"column":18},"end":{"line":39,"column":59}},"6":{"start":{"line":50,"column":18},"end":{"line":50,"column":59}},"7":{"start":{"line":61,"column":18},"end":{"line":61,"column":59}},"8":{"start":{"line":74,"column":18},"end":{"line":74,"column":59}},"9":{"start":{"line":85,"column":18},"end":{"line":85,"column":59}},"10":{"start":{"line":90,"column":18},"end":{"line":90,"column":87}}},"fnMap":{"0":{"name":"(anonymous_0)","decl":{"start":{"line":7,"column":15},"end":{"line":7,"column":16}},"loc":{"start":{"line":7,"column":21},"end":{"line":100,"column":1}},"line":7},"1":{"name":"(anonymous_1)","decl":{"start":{"line":21,"column":43},"end":{"line":21,"column":44}},"loc":{"start":{"line":22,"column":16},"end":{"line":22,"column":57}},"line":22},"2":{"name":"(anonymous_2)","decl":{"start":{"line":28,"column":47},"end":{"line":28,"column":48}},"loc":{"start":{"line":29,"column":16},"end":{"line":29,"column":57}},"line":29},"3":{"name":"(anonymous_3)","decl":{"start":{"line":38,"column":55},"end":{"line":38,"column":56}},"loc":{"start":{"line":39,"column":18},"end":{"line":39,"column":59}},"line":39},"4":{"name":"(anonymous_4)","decl":{"start":{"line":49,"column":58},"end":{"line":49,"column":59}},"loc":{"start":{"line":50,"column":18},"end":{"line":50,"column":59}},"line":50},"5":{"name":"(anonymous_5)","decl":{"start":{"line":60,"column":49},"end":{"line":60,"column":50}},"loc":{"start":{"line":61,"column":18},"end":{"line":61,"column":59}},"line":61},"6":{"name":"(anonymous_6)","decl":{"start":{"line":73,"column":48},"end":{"line":73,"column":49}},"loc":{"start":{"line":74,"column":18},"end":{"line":74,"column":59}},"line":74},"7":{"name":"(anonymous_7)","decl":{"start":{"line":84,"column":46},"end":{"line":84,"column":47}},"loc":{"start":{"line":85,"column":18},"end":{"line":85,"column":59}},"line":85},"8":{"name":"(anonymous_8)","decl":{"start":{"line":89,"column":49},"end":{"line":89,"column":50}},"loc":{"start":{"line":90,"column":18},"end":{"line":90,"column":87}},"line":90}},"branchMap":{"0":{"loc":{"start":{"line":22,"column":16},"end":{"line":22,"column":57}},"type":"cond-expr","locations":[{"start":{"line":22,"column":27},"end":{"line":22,"column":44}},{"start":{"line":22,"column":47},"end":{"line":22,"column":57}}],"line":22},"1":{"loc":{"start":{"line":29,"column":16},"end":{"line":29,"column":57}},"type":"cond-expr","locations":[{"start":{"line":29,"column":27},"end":{"line":29,"column":44}},{"start":{"line":29,"column":47},"end":{"line":29,"column":57}}],"line":29},"2":{"loc":{"start":{"line":36,"column":11},"end":{"line":44,"column":11}},"type":"binary-expr","locations":[{"start":{"line":36,"column":11},"end":{"line":36,"column":33}},{"start":{"line":37,"column":12},"end":{"line":43,"column":17}}],"line":36},"3":{"loc":{"start":{"line":39,"column":18},"end":{"line":39,"column":59}},"type":"cond-expr","locations":[{"start":{"line":39,"column":29},"end":{"line":39,"column":46}},{"start":{"line":39,"column":49},"end":{"line":39,"column":59}}],"line":39},"4":{"loc":{"start":{"line":47,"column":11},"end":{"line":55,"column":11}},"type":"binary-expr","locations":[{"start":{"line":47,"column":11},"end":{"line":47,"column":36}},{"start":{"line":48,"column":12},"end":{"line":54,"column":17}}],"line":47},"5":{"loc":{"start":{"line":50,"column":18},"end":{"line":50,"column":59}},"type":"cond-expr","locations":[{"start":{"line":50,"column":29},"end":{"line":50,"column":46}},{"start":{"line":50,"column":49},"end":{"line":50,"column":59}}],"line":50},"6":{"loc":{"start":{"line":58,"column":11},"end":{"line":66,"column":11}},"type":"binary-expr","locations":[{"start":{"line":58,"column":11},"end":{"line":58,"column":53}},{"start":{"line":59,"column":12},"end":{"line":65,"column":17}}],"line":58},"7":{"loc":{"start":{"line":61,"column":18},"end":{"line":61,"column":59}},"type":"cond-expr","locations":[{"start":{"line":61,"column":29},"end":{"line":61,"column":46}},{"start":{"line":61,"column":49},"end":{"line":61,"column":59}}],"line":61},"8":{"loc":{"start":{"line":71,"column":11},"end":{"line":95,"column":11}},"type":"cond-expr","locations":[{"start":{"line":72,"column":12},"end":{"line":81,"column":15}},{"start":{"line":83,"column":12},"end":{"line":94,"column":15}}],"line":71},"9":{"loc":{"start":{"line":74,"column":18},"end":{"line":74,"column":59}},"type":"cond-expr","locations":[{"start":{"line":74,"column":29},"end":{"line":74,"column":46}},{"start":{"line":74,"column":49},"end":{"line":74,"column":59}}],"line":74},"10":{"loc":{"start":{"line":85,"column":18},"end":{"line":85,"column":59}},"type":"cond-expr","locations":[{"start":{"line":85,"column":29},"end":{"line":85,"column":46}},{"start":{"line":85,"column":49},"end":{"line":85,"column":59}}],"line":85},"11":{"loc":{"start":{"line":90,"column":18},"end":{"line":90,"column":87}},"type":"cond-expr","locations":[{"start":{"line":90,"column":29},"end":{"line":90,"column":60}},{"start":{"line":90,"column":63},"end":{"line":90,"column":87}}],"line":90}},"s":{"0":1,"1":1,"2":1,"3":1,"4":1,"5":0,"6":0,"7":0,"8":0,"9":1,"10":1},"f":{"0":1,"1":1,"2":1,"3":0,"4":0,"5":0,"6":0,"7":1,"8":1},"b":{"0":[1,0],"1":[0,1],"2":[1,0],"3":[0,0],"4":[1,0],"5":[0,0],"6":[1,0],"7":[0,0],"8":[0,1],"9":[0,0],"10":[0,1],"11":[0,1]},"_coverageSchema":"1a1c01bbd47fc00a2c39e90264f33305004495a9","hash":"a1bd581dc9290ca618be9822a6d9144d57c1cc57"}
,"C:\\jp\\Room-Rental-App\\src\\components\\PaymentPage.js": {"path":"C:\\jp\\Room-Rental-App\\src\\components\\PaymentPage.js","statementMap":{"0":{"start":{"line":7,"column":20},"end":{"line":140,"column":1}},"1":{"start":{"line":8,"column":24},"end":{"line":8,"column":35}},"2":{"start":{"line":9,"column":19},"end":{"line":9,"column":32}},"3":{"start":{"line":10,"column":32},"end":{"line":10,"column":46}},"4":{"start":{"line":11,"column":32},"end":{"line":11,"column":46}},"5":{"start":{"line":12,"column":34},"end":{"line":12,"column":46}},"6":{"start":{"line":13,"column":40},"end":{"line":18,"column":4}},"7":{"start":{"line":19,"column":1},"end":{"line":46,"column":18}},"8":{"start":{"line":20,"column":25},"end":{"line":43,"column":5}},"9":{"start":{"line":21,"column":6},"end":{"line":25,"column":7}},"10":{"start":{"line":22,"column":8},"end":{"line":22,"column":43}},"11":{"start":{"line":23,"column":8},"end":{"line":23,"column":26}},"12":{"start":{"line":24,"column":8},"end":{"line":24,"column":15}},"13":{"start":{"line":26,"column":0},"end":{"line":26,"column":52}},"14":{"start":{"line":28,"column":6},"end":{"line":42,"column":7}},"15":{"start":{"line":29,"column":23},"end":{"line":29,"column":53}},"16":{"start":{"line":30,"column":24},"end":{"line":30,"column":44}},"17":{"start":{"line":32,"column":8},"end":{"line":36,"column":9}},"18":{"start":{"line":33,"column":10},"end":{"line":33,"column":37}},"19":{"start":{"line":35,"column":10},"end":{"line":35,"column":44}},"20":{"start":{"line":38,"column":8},"end":{"line":38,"column":56}},"21":{"start":{"line":39,"column":8},"end":{"line":39,"column":47}},"22":{"start":{"line":41,"column":8},"end":{"line":41,"column":26}},"23":{"start":{"line":45,"column":4},"end":{"line":45,"column":19}},"24":{"start":{"line":48,"column":26},"end":{"line":50,"column":3}},"25":{"start":{"line":49,"column":4},"end":{"line":49,"column":72}},"26":{"start":{"line":52,"column":24},"end":{"line":77,"column":3}},"27":{"start":{"line":53,"column":4},"end":{"line":53,"column":23}},"28":{"start":{"line":54,"column":60},"end":{"line":54,"column":71}},"29":{"start":{"line":56,"column":4},"end":{"line":59,"column":5}},"30":{"start":{"line":57,"column":6},"end":{"line":57,"column":50}},"31":{"start":{"line":58,"column":6},"end":{"line":58,"column":13}},"32":{"start":{"line":60,"column":0},"end":{"line":76,"column":5}},"33":{"start":{"line":61,"column":25},"end":{"line":61,"column":55}},"34":{"start":{"line":62,"column":6},"end":{"line":69,"column":9}},"35":{"start":{"line":71,"column":1},"end":{"line":71,"column":30}},"36":{"start":{"line":72,"column":6},"end":{"line":72,"column":29}},"37":{"start":{"line":74,"column":6},"end":{"line":74,"column":54}},"38":{"start":{"line":75,"column":6},"end":{"line":75,"column":42}},"39":{"start":{"line":79,"column":2},"end":{"line":79,"column":80}},"40":{"start":{"line":79,"column":15},"end":{"line":79,"column":80}},"41":{"start":{"line":80,"column":2},"end":{"line":80,"column":63}},"42":{"start":{"line":80,"column":16},"end":{"line":80,"column":63}},"43":{"start":{"line":82,"column":0},"end":{"line":139,"column":4}}},"fnMap":{"0":{"name":"(anonymous_0)","decl":{"start":{"line":7,"column":20},"end":{"line":7,"column":21}},"loc":{"start":{"line":7,"column":26},"end":{"line":140,"column":1}},"line":7},"1":{"name":"(anonymous_1)","decl":{"start":{"line":19,"column":11},"end":{"line":19,"column":12}},"loc":{"start":{"line":19,"column":17},"end":{"line":46,"column":3}},"line":19},"2":{"name":"(anonymous_2)","decl":{"start":{"line":20,"column":25},"end":{"line":20,"column":26}},"loc":{"start":{"line":20,"column":37},"end":{"line":43,"column":5}},"line":20},"3":{"name":"(anonymous_3)","decl":{"start":{"line":48,"column":26},"end":{"line":48,"column":27}},"loc":{"start":{"line":48,"column":33},"end":{"line":50,"column":3}},"line":48},"4":{"name":"(anonymous_4)","decl":{"start":{"line":52,"column":24},"end":{"line":52,"column":25}},"loc":{"start":{"line":52,"column":37},"end":{"line":77,"column":3}},"line":52}},"branchMap":{"0":{"loc":{"start":{"line":21,"column":6},"end":{"line":25,"column":7}},"type":"if","locations":[{"start":{"line":21,"column":6},"end":{"line":25,"column":7}},{"start":{},"end":{}}],"line":21},"1":{"loc":{"start":{"line":32,"column":8},"end":{"line":36,"column":9}},"type":"if","locations":[{"start":{"line":32,"column":8},"end":{"line":36,"column":9}},{"start":{"line":34,"column":15},"end":{"line":36,"column":9}}],"line":32},"2":{"loc":{"start":{"line":56,"column":4},"end":{"line":59,"column":5}},"type":"if","locations":[{"start":{"line":56,"column":4},"end":{"line":59,"column":5}},{"start":{},"end":{}}],"line":56},"3":{"loc":{"start":{"line":56,"column":8},"end":{"line":56,"column":61}},"type":"binary-expr","locations":[{"start":{"line":56,"column":8},"end":{"line":56,"column":23}},{"start":{"line":56,"column":27},"end":{"line":56,"column":38}},{"start":{"line":56,"column":42},"end":{"line":56,"column":53}},{"start":{"line":56,"column":57},"end":{"line":56,"column":61}}],"line":56},"4":{"loc":{"start":{"line":79,"column":2},"end":{"line":79,"column":80}},"type":"if","locations":[{"start":{"line":79,"column":2},"end":{"line":79,"column":80}},{"start":{},"end":{}}],"line":79},"5":{"loc":{"start":{"line":80,"column":2},"end":{"line":80,"column":63}},"type":"if","locations":[{"start":{"line":80,"column":2},"end":{"line":80,"column":63}},{"start":{},"end":{}}],"line":80}},"s":{"0":1,"1":0,"2":0,"3":0,"4":0,"5":0,"6":0,"7":0,"8":0,"9":0,"10":0,"11":0,"12":0,"13":0,"14":0,"15":0,"16":0,"17":0,"18":0,"19":0,"20":0,"21":0,"22":0,"23":0,"24":0,"25":0,"26":0,"27":0,"28":0,"29":0,"30":0,"31":0,"32":0,"33":0,"34":0,"35":0,"36":0,"37":0,"38":0,"39":0,"40":0,"41":0,"42":0,"43":0},"f":{"0":0,"1":0,"2":0,"3":0,"4":0},"b":{"0":[0,0],"1":[0,0],"2":[0,0],"3":[0,0,0,0],"4":[0,0],"5":[0,0]},"_coverageSchema":"1a1c01bbd47fc00a2c39e90264f33305004495a9","hash":"7b6104b950cfe7d0fc7db44c61aa9d6682fd7062"}
,"C:\\jp\\Room-Rental-App\\src\\components\\PrivateRoute.js": {"path":"C:\\jp\\Room-Rental-App\\src\\components\\PrivateRoute.js","statementMap":{"0":{"start":{"line":6,"column":28},"end":{"line":6,"column":51}},"1":{"start":{"line":8,"column":2},"end":{"line":8,"column":44}},"2":{"start":{"line":8,"column":15},"end":{"line":8,"column":44}},"3":{"start":{"line":9,"column":2},"end":{"line":9,"column":53}},"4":{"start":{"line":9,"column":13},"end":{"line":9,"column":53}},"5":{"start":{"line":10,"column":2},"end":{"line":10,"column":78}},"6":{"start":{"line":10,"column":43},"end":{"line":10,"column":78}},"7":{"start":{"line":12,"column":2},"end":{"line":12,"column":18}}},"fnMap":{"0":{"name":"PrivateRoute","decl":{"start":{"line":5,"column":24},"end":{"line":5,"column":36}},"loc":{"start":{"line":5,"column":58},"end":{"line":13,"column":1}},"line":5}},"branchMap":{"0":{"loc":{"start":{"line":8,"column":2},"end":{"line":8,"column":44}},"type":"if","locations":[{"start":{"line":8,"column":2},"end":{"line":8,"column":44}},{"start":{},"end":{}}],"line":8},"1":{"loc":{"start":{"line":9,"column":2},"end":{"line":9,"column":53}},"type":"if","locations":[{"start":{"line":9,"column":2},"end":{"line":9,"column":53}},{"start":{},"end":{}}],"line":9},"2":{"loc":{"start":{"line":10,"column":2},"end":{"line":10,"column":78}},"type":"if","locations":[{"start":{"line":10,"column":2},"end":{"line":10,"column":78}},{"start":{},"end":{}}],"line":10},"3":{"loc":{"start":{"line":10,"column":6},"end":{"line":10,"column":41}},"type":"binary-expr","locations":[{"start":{"line":10,"column":6},"end":{"line":10,"column":11}},{"start":{"line":10,"column":15},"end":{"line":10,"column":41}}],"line":10}},"s":{"0":0,"1":0,"2":0,"3":0,"4":0,"5":0,"6":0,"7":0},"f":{"0":0},"b":{"0":[0,0],"1":[0,0],"2":[0,0],"3":[0,0]},"_coverageSchema":"1a1c01bbd47fc00a2c39e90264f33305004495a9","hash":"260a08dceec9f2bfdc612503c2f240f33085f8fc"}
,"C:\\jp\\Room-Rental-App\\src\\components\\RoleBasedDashboard.js": {"path":"C:\\jp\\Room-Rental-App\\src\\components\\RoleBasedDashboard.js","statementMap":{"0":{"start":{"line":8,"column":19},"end":{"line":8,"column":42}},"1":{"start":{"line":10,"column":2},"end":{"line":10,"column":56}},"2":{"start":{"line":10,"column":30},"end":{"line":10,"column":56}},"3":{"start":{"line":11,"column":2},"end":{"line":11,"column":62}},"4":{"start":{"line":11,"column":33},"end":{"line":11,"column":62}},"5":{"start":{"line":12,"column":2},"end":{"line":12,"column":28}}},"fnMap":{"0":{"name":"RoleBasedDashboard","decl":{"start":{"line":7,"column":24},"end":{"line":7,"column":42}},"loc":{"start":{"line":7,"column":45},"end":{"line":13,"column":1}},"line":7}},"branchMap":{"0":{"loc":{"start":{"line":10,"column":2},"end":{"line":10,"column":56}},"type":"if","locations":[{"start":{"line":10,"column":2},"end":{"line":10,"column":56}},{"start":{},"end":{}}],"line":10},"1":{"loc":{"start":{"line":11,"column":2},"end":{"line":11,"column":62}},"type":"if","locations":[{"start":{"line":11,"column":2},"end":{"line":11,"column":62}},{"start":{},"end":{}}],"line":11}},"s":{"0":1,"1":1,"2":0,"3":1,"4":0,"5":1},"f":{"0":1},"b":{"0":[0,1],"1":[0,1]},"_coverageSchema":"1a1c01bbd47fc00a2c39e90264f33305004495a9","hash":"c2480ce7ddf176cd6831bd6dceea55418427c924"}
,"C:\\jp\\Room-Rental-App\\src\\context\\AuthContext.js": {"path":"C:\\jp\\Room-Rental-App\\src\\context\\AuthContext.js","statementMap":{"0":{"start":{"line":15,"column":27},"end":{"line":15,"column":42}},"1":{"start":{"line":17,"column":28},"end":{"line":102,"column":1}},"2":{"start":{"line":18,"column":26},"end":{"line":18,"column":40}},"3":{"start":{"line":21,"column":2},"end":{"line":39,"column":9}},"4":{"start":{"line":22,"column":4},"end":{"line":38,"column":7}},"5":{"start":{"line":23,"column":6},"end":{"line":26,"column":7}},"6":{"start":{"line":24,"column":8},"end":{"line":24,"column":22}},"7":{"start":{"line":25,"column":8},"end":{"line":25,"column":15}},"8":{"start":{"line":27,"column":18},"end":{"line":27,"column":46}},"9":{"start":{"line":28,"column":19},"end":{"line":28,"column":36}},"10":{"start":{"line":29,"column":6},"end":{"line":37,"column":7}},"11":{"start":{"line":30,"column":21},"end":{"line":30,"column":32}},"12":{"start":{"line":32,"column":27},"end":{"line":32,"column":81}},"13":{"start":{"line":33,"column":8},"end":{"line":33,"column":58}},"14":{"start":{"line":36,"column":8},"end":{"line":36,"column":91}},"15":{"start":{"line":42,"column":19},"end":{"line":55,"column":3}},"16":{"start":{"line":43,"column":17},"end":{"line":43,"column":76}},"17":{"start":{"line":44,"column":4},"end":{"line":50,"column":7}},"18":{"start":{"line":51,"column":4},"end":{"line":54,"column":5}},"19":{"start":{"line":53,"column":6},"end":{"line":53,"column":26}},"20":{"start":{"line":58,"column":16},"end":{"line":68,"column":3}},"21":{"start":{"line":59,"column":17},"end":{"line":59,"column":72}},"22":{"start":{"line":60,"column":17},"end":{"line":60,"column":62}},"23":{"start":{"line":61,"column":4},"end":{"line":61,"column":65}},"24":{"start":{"line":61,"column":24},"end":{"line":61,"column":65}},"25":{"start":{"line":62,"column":17},"end":{"line":62,"column":28}},"26":{"start":{"line":63,"column":4},"end":{"line":66,"column":5}},"27":{"start":{"line":64,"column":6},"end":{"line":64,"column":26}},"28":{"start":{"line":65,"column":6},"end":{"line":65,"column":74}},"29":{"start":{"line":71,"column":26},"end":{"line":85,"column":3}},"30":{"start":{"line":72,"column":21},"end":{"line":72,"column":45}},"31":{"start":{"line":73,"column":17},"end":{"line":73,"column":54}},"32":{"start":{"line":74,"column":16},"end":{"line":74,"column":47}},"33":{"start":{"line":75,"column":17},"end":{"line":75,"column":34}},"34":{"start":{"line":76,"column":4},"end":{"line":84,"column":5}},"35":{"start":{"line":77,"column":6},"end":{"line":83,"column":9}},"36":{"start":{"line":87,"column":24},"end":{"line":87,"column":71}},"37":{"start":{"line":87,"column":33},"end":{"line":87,"column":71}},"38":{"start":{"line":88,"column":17},"end":{"line":88,"column":36}},"39":{"start":{"line":88,"column":23},"end":{"line":88,"column":36}},"40":{"start":{"line":90,"column":2},"end":{"line":101,"column":4}}},"fnMap":{"0":{"name":"(anonymous_0)","decl":{"start":{"line":17,"column":28},"end":{"line":17,"column":29}},"loc":{"start":{"line":17,"column":46},"end":{"line":102,"column":1}},"line":17},"1":{"name":"(anonymous_1)","decl":{"start":{"line":21,"column":12},"end":{"line":21,"column":13}},"loc":{"start":{"line":21,"column":18},"end":{"line":39,"column":3}},"line":21},"2":{"name":"(anonymous_2)","decl":{"start":{"line":22,"column":36},"end":{"line":22,"column":37}},"loc":{"start":{"line":22,"column":52},"end":{"line":38,"column":5}},"line":22},"3":{"name":"(anonymous_3)","decl":{"start":{"line":42,"column":19},"end":{"line":42,"column":20}},"loc":{"start":{"line":42,"column":62},"end":{"line":55,"column":3}},"line":42},"4":{"name":"(anonymous_4)","decl":{"start":{"line":58,"column":16},"end":{"line":58,"column":17}},"loc":{"start":{"line":58,"column":43},"end":{"line":68,"column":3}},"line":58},"5":{"name":"(anonymous_5)","decl":{"start":{"line":71,"column":26},"end":{"line":71,"column":27}},"loc":{"start":{"line":71,"column":38},"end":{"line":85,"column":3}},"line":71},"6":{"name":"(anonymous_6)","decl":{"start":{"line":87,"column":24},"end":{"line":87,"column":25}},"loc":{"start":{"line":87,"column":33},"end":{"line":87,"column":71}},"line":87},"7":{"name":"(anonymous_7)","decl":{"start":{"line":88,"column":17},"end":{"line":88,"column":18}},"loc":{"start":{"line":88,"column":23},"end":{"line":88,"column":36}},"line":88}},"branchMap":{"0":{"loc":{"start":{"line":23,"column":6},"end":{"line":26,"column":7}},"type":"if","locations":[{"start":{"line":23,"column":6},"end":{"line":26,"column":7}},{"start":{},"end":{}}],"line":23},"1":{"loc":{"start":{"line":29,"column":6},"end":{"line":37,"column":7}},"type":"if","locations":[{"start":{"line":29,"column":6},"end":{"line":37,"column":7}},{"start":{"line":34,"column":13},"end":{"line":37,"column":7}}],"line":29},"2":{"loc":{"start":{"line":32,"column":27},"end":{"line":32,"column":81}},"type":"cond-expr","locations":[{"start":{"line":32,"column":59},"end":{"line":32,"column":63}},{"start":{"line":32,"column":66},"end":{"line":32,"column":81}}],"line":32},"3":{"loc":{"start":{"line":49,"column":18},"end":{"line":49,"column":52}},"type":"cond-expr","locations":[{"start":{"line":49,"column":40},"end":{"line":49,"column":45}},{"start":{"line":49,"column":48},"end":{"line":49,"column":52}}],"line":49},"4":{"loc":{"start":{"line":51,"column":4},"end":{"line":54,"column":5}},"type":"if","locations":[{"start":{"line":51,"column":4},"end":{"line":54,"column":5}},{"start":{},"end":{}}],"line":51},"5":{"loc":{"start":{"line":61,"column":4},"end":{"line":61,"column":65}},"type":"if","locations":[{"start":{"line":61,"column":4},"end":{"line":61,"column":65}},{"start":{},"end":{}}],"line":61},"6":{"loc":{"start":{"line":63,"column":4},"end":{"line":66,"column":5}},"type":"if","locations":[{"start":{"line":63,"column":4},"end":{"line":66,"column":5}},{"start":{},"end":{}}],"line":63},"7":{"loc":{"start":{"line":63,"column":8},"end":{"line":63,"column":52}},"type":"binary-expr","locations":[{"start":{"line":63,"column":8},"end":{"line":63,"column":32}},{"start":{"line":63,"column":36},"end":{"line":63,"column":52}}],"line":63},"8":{"loc":{"start":{"line":76,"column":4},"end":{"line":84,"column":5}},"type":"if","locations":[{"start":{"line":76,"column":4},"end":{"line":84,"column":5}},{"start":{},"end":{}}],"line":76}},"s":{"0":1,"1":1,"2":1,"3":1,"4":1,"5":1,"6":1,"7":1,"8":0,"9":0,"10":0,"11":0,"12":0,"13":0,"14":0,"15":1,"16":0,"17":0,"18":0,"19":0,"20":1,"21":0,"22":0,"23":0,"24":0,"25":0,"26":0,"27":0,"28":0,"29":1,"30":0,"31":0,"32":0,"33":0,"34":0,"35":0,"36":1,"37":0,"38":1,"39":0,"40":1},"f":{"0":1,"1":1,"2":1,"3":0,"4":0,"5":0,"6":0,"7":0},"b":{"0":[1,0],"1":[0,0],"2":[0,0],"3":[0,0],"4":[0,0],"5":[0,0],"6":[0,0],"7":[0,0],"8":[0,0]},"_coverageSchema":"1a1c01bbd47fc00a2c39e90264f33305004495a9","hash":"376fc4518b1aba6a91e0f47698b6d309b0fbc290"}
,"C:\\jp\\Room-Rental-App\\src\\data\\sampleRooms.js": {"path":"C:\\jp\\Room-Rental-App\\src\\data\\sampleRooms.js","statementMap":{"0":{"start":{"line":3,"column":27},"end":{"line":346,"column":1}}},"fnMap":{},"branchMap":{},"s":{"0":1},"f":{},"b":{},"_coverageSchema":"1a1c01bbd47fc00a2c39e90264f33305004495a9","hash":"8ce71e957440ceb6c086c0459d46c69fe1d5abe3"}
,"C:\\jp\\Room-Rental-App\\src\\pages\\AddEditRoom.js": {"path":"C:\\jp\\Room-Rental-App\\src\\pages\\AddEditRoom.js","statementMap":{"0":{"start":{"line":16,"column":19},"end":{"line":16,"column":42}},"1":{"start":{"line":17,"column":19},"end":{"line":17,"column":32}},"2":{"start":{"line":18,"column":21},"end":{"line":18,"column":34}},"3":{"start":{"line":19,"column":17},"end":{"line":19,"column":58}},"4":{"start":{"line":22,"column":26},"end":{"line":31,"column":4}},"5":{"start":{"line":33,"column":42},"end":{"line":33,"column":54}},"6":{"start":{"line":36,"column":2},"end":{"line":56,"column":15}},"7":{"start":{"line":37,"column":4},"end":{"line":37,"column":24}},"8":{"start":{"line":37,"column":17},"end":{"line":37,"column":24}},"9":{"start":{"line":38,"column":4},"end":{"line":55,"column":9}},"10":{"start":{"line":39,"column":18},"end":{"line":39,"column":42}},"11":{"start":{"line":40,"column":19},"end":{"line":40,"column":36}},"12":{"start":{"line":41,"column":6},"end":{"line":54,"column":7}},"13":{"start":{"line":42,"column":21},"end":{"line":42,"column":32}},"14":{"start":{"line":43,"column":8},"end":{"line":52,"column":11}},"15":{"start":{"line":53,"column":8},"end":{"line":53,"column":59}},"16":{"start":{"line":58,"column":23},"end":{"line":61,"column":3}},"17":{"start":{"line":59,"column":28},"end":{"line":59,"column":36}},"18":{"start":{"line":60,"column":4},"end":{"line":60,"column":44}},"19":{"start":{"line":60,"column":18},"end":{"line":60,"column":41}},"20":{"start":{"line":63,"column":23},"end":{"line":90,"column":3}},"21":{"start":{"line":64,"column":4},"end":{"line":64,"column":23}},"22":{"start":{"line":66,"column":22},"end":{"line":69,"column":21}},"23":{"start":{"line":68,"column":16},"end":{"line":68,"column":24}},"24":{"start":{"line":69,"column":19},"end":{"line":69,"column":20}},"25":{"start":{"line":71,"column":20},"end":{"line":80,"column":5}},"26":{"start":{"line":82,"column":4},"end":{"line":88,"column":5}},"27":{"start":{"line":83,"column":6},"end":{"line":83,"column":57}},"28":{"start":{"line":84,"column":6},"end":{"line":84,"column":28}},"29":{"start":{"line":86,"column":6},"end":{"line":86,"column":53}},"30":{"start":{"line":87,"column":6},"end":{"line":87,"column":26}},"31":{"start":{"line":89,"column":4},"end":{"line":89,"column":32}},"32":{"start":{"line":92,"column":2},"end":{"line":190,"column":4}},"33":{"start":{"line":180,"column":27},"end":{"line":180,"column":58}}},"fnMap":{"0":{"name":"AddEditRoom","decl":{"start":{"line":15,"column":24},"end":{"line":15,"column":35}},"loc":{"start":{"line":15,"column":38},"end":{"line":191,"column":1}},"line":15},"1":{"name":"(anonymous_1)","decl":{"start":{"line":36,"column":12},"end":{"line":36,"column":13}},"loc":{"start":{"line":36,"column":18},"end":{"line":56,"column":3}},"line":36},"2":{"name":"(anonymous_2)","decl":{"start":{"line":38,"column":5},"end":{"line":38,"column":6}},"loc":{"start":{"line":38,"column":17},"end":{"line":55,"column":5}},"line":38},"3":{"name":"(anonymous_3)","decl":{"start":{"line":58,"column":23},"end":{"line":58,"column":24}},"loc":{"start":{"line":58,"column":28},"end":{"line":61,"column":3}},"line":58},"4":{"name":"(anonymous_4)","decl":{"start":{"line":60,"column":12},"end":{"line":60,"column":13}},"loc":{"start":{"line":60,"column":18},"end":{"line":60,"column":41}},"line":60},"5":{"name":"(anonymous_5)","decl":{"start":{"line":63,"column":23},"end":{"line":63,"column":24}},"loc":{"start":{"line":63,"column":34},"end":{"line":90,"column":3}},"line":63},"6":{"name":"(anonymous_6)","decl":{"start":{"line":68,"column":11},"end":{"line":68,"column":12}},"loc":{"start":{"line":68,"column":16},"end":{"line":68,"column":24}},"line":68},"7":{"name":"(anonymous_7)","decl":{"start":{"line":69,"column":14},"end":{"line":69,"column":15}},"loc":{"start":{"line":69,"column":19},"end":{"line":69,"column":20}},"line":69},"8":{"name":"(anonymous_8)","decl":{"start":{"line":180,"column":22},"end":{"line":180,"column":23}},"loc":{"start":{"line":180,"column":27},"end":{"line":180,"column":58}},"line":180}},"branchMap":{"0":{"loc":{"start":{"line":37,"column":4},"end":{"line":37,"column":24}},"type":"if","locations":[{"start":{"line":37,"column":4},"end":{"line":37,"column":24}},{"start":{},"end":{}}],"line":37},"1":{"loc":{"start":{"line":41,"column":6},"end":{"line":54,"column":7}},"type":"if","locations":[{"start":{"line":41,"column":6},"end":{"line":54,"column":7}},{"start":{},"end":{}}],"line":41},"2":{"loc":{"start":{"line":44,"column":17},"end":{"line":44,"column":33}},"type":"binary-expr","locations":[{"start":{"line":44,"column":17},"end":{"line":44,"column":27}},{"start":{"line":44,"column":31},"end":{"line":44,"column":33}}],"line":44},"3":{"loc":{"start":{"line":45,"column":23},"end":{"line":45,"column":45}},"type":"binary-expr","locations":[{"start":{"line":45,"column":23},"end":{"line":45,"column":39}},{"start":{"line":45,"column":43},"end":{"line":45,"column":45}}],"line":45},"4":{"loc":{"start":{"line":46,"column":20},"end":{"line":46,"column":39}},"type":"binary-expr","locations":[{"start":{"line":46,"column":20},"end":{"line":46,"column":33}},{"start":{"line":46,"column":37},"end":{"line":46,"column":39}}],"line":46},"5":{"loc":{"start":{"line":47,"column":17},"end":{"line":47,"column":33}},"type":"binary-expr","locations":[{"start":{"line":47,"column":17},"end":{"line":47,"column":27}},{"start":{"line":47,"column":31},"end":{"line":47,"column":33}}],"line":47},"6":{"loc":{"start":{"line":48,"column":20},"end":{"line":48,"column":38}},"type":"binary-expr","locations":[{"start":{"line":48,"column":20},"end":{"line":48,"column":33}},{"start":{"line":48,"column":37},"end":{"line":48,"column":38}}],"line":48},"7":{"loc":{"start":{"line":49,"column":21},"end":{"line":49,"column":40}},"type":"binary-expr","locations":[{"start":{"line":49,"column":21},"end":{"line":49,"column":35}},{"start":{"line":49,"column":39},"end":{"line":49,"column":40}}],"line":49},"8":{"loc":{"start":{"line":50,"column":20},"end":{"line":50,"column":38}},"type":"binary-expr","locations":[{"start":{"line":50,"column":20},"end":{"line":50,"column":33}},{"start":{"line":50,"column":37},"end":{"line":50,"column":38}}],"line":50},"9":{"loc":{"start":{"line":51,"column":19},"end":{"line":51,"column":36}},"type":"binary-expr","locations":[{"start":{"line":51,"column":19},"end":{"line":51,"column":31}},{"start":{"line":51,"column":35},"end":{"line":51,"column":36}}],"line":51},"10":{"loc":{"start":{"line":53,"column":25},"end":{"line":53,"column":45}},"type":"binary-expr","locations":[{"start":{"line":53,"column":25},"end":{"line":53,"column":39}},{"start":{"line":53,"column":43},"end":{"line":53,"column":45}}],"line":53},"11":{"loc":{"start":{"line":82,"column":4},"end":{"line":88,"column":5}},"type":"if","locations":[{"start":{"line":82,"column":4},"end":{"line":88,"column":5}},{"start":{"line":85,"column":11},"end":{"line":88,"column":5}}],"line":82},"12":{"loc":{"start":{"line":94,"column":11},"end":{"line":94,"column":48}},"type":"cond-expr","locations":[{"start":{"line":94,"column":20},"end":{"line":94,"column":31}},{"start":{"line":94,"column":34},"end":{"line":94,"column":48}}],"line":94},"13":{"loc":{"start":{"line":186,"column":11},"end":{"line":186,"column":46}},"type":"cond-expr","locations":[{"start":{"line":186,"column":20},"end":{"line":186,"column":33}},{"start":{"line":186,"column":36},"end":{"line":186,"column":46}}],"line":186}},"s":{"0":0,"1":0,"2":0,"3":0,"4":0,"5":0,"6":0,"7":0,"8":0,"9":0,"10":0,"11":0,"12":0,"13":0,"14":0,"15":0,"16":0,"17":0,"18":0,"19":0,"20":0,"21":0,"22":0,"23":0,"24":0,"25":0,"26":0,"27":0,"28":0,"29":0,"30":0,"31":0,"32":0,"33":0},"f":{"0":0,"1":0,"2":0,"3":0,"4":0,"5":0,"6":0,"7":0,"8":0},"b":{"0":[0,0],"1":[0,0],"2":[0,0],"3":[0,0],"4":[0,0],"5":[0,0],"6":[0,0],"7":[0,0],"8":[0,0],"9":[0,0],"10":[0,0],"11":[0,0],"12":[0,0],"13":[0,0]},"_coverageSchema":"1a1c01bbd47fc00a2c39e90264f33305004495a9","hash":"364804460e47d117606bbc8c74bee027de7da9f1"}
,"C:\\jp\\Room-Rental-App\\src\\pages\\AdminFindRoom.js": {"path":"C:\\jp\\Room-Rental-App\\src\\pages\\AdminFindRoom.js","statementMap":{"0":{"start":{"line":9,"column":28},"end":{"line":9,"column":40}},"1":{"start":{"line":11,"column":21},"end":{"line":14,"column":3}},"2":{"start":{"line":12,"column":17},"end":{"line":12,"column":55}},"3":{"start":{"line":13,"column":4},"end":{"line":13,"column":62}},"4":{"start":{"line":13,"column":33},"end":{"line":13,"column":58}},"5":{"start":{"line":16,"column":2},"end":{"line":23,"column":9}},"6":{"start":{"line":17,"column":4},"end":{"line":17,"column":17}},"7":{"start":{"line":20,"column":20},"end":{"line":20,"column":38}},"8":{"start":{"line":20,"column":26},"end":{"line":20,"column":38}},"9":{"start":{"line":21,"column":4},"end":{"line":21,"column":46}},"10":{"start":{"line":22,"column":4},"end":{"line":22,"column":62}},"11":{"start":{"line":22,"column":17},"end":{"line":22,"column":61}},"12":{"start":{"line":25,"column":23},"end":{"line":29,"column":3}},"13":{"start":{"line":26,"column":4},"end":{"line":26,"column":53}},"14":{"start":{"line":26,"column":46},"end":{"line":26,"column":53}},"15":{"start":{"line":27,"column":4},"end":{"line":27,"column":46}},"16":{"start":{"line":28,"column":4},"end":{"line":28,"column":56}},"17":{"start":{"line":28,"column":21},"end":{"line":28,"column":54}},"18":{"start":{"line":28,"column":38},"end":{"line":28,"column":53}},"19":{"start":{"line":31,"column":2},"end":{"line":79,"column":4}},"20":{"start":{"line":42,"column":10},"end":{"line":75,"column":16}},"21":{"start":{"line":68,"column":33},"end":{"line":68,"column":54}}},"fnMap":{"0":{"name":"AdminFindRoom","decl":{"start":{"line":8,"column":24},"end":{"line":8,"column":37}},"loc":{"start":{"line":8,"column":40},"end":{"line":80,"column":1}},"line":8},"1":{"name":"(anonymous_1)","decl":{"start":{"line":11,"column":21},"end":{"line":11,"column":22}},"loc":{"start":{"line":11,"column":33},"end":{"line":14,"column":3}},"line":11},"2":{"name":"(anonymous_2)","decl":{"start":{"line":13,"column":27},"end":{"line":13,"column":28}},"loc":{"start":{"line":13,"column":33},"end":{"line":13,"column":58}},"line":13},"3":{"name":"(anonymous_3)","decl":{"start":{"line":16,"column":12},"end":{"line":16,"column":13}},"loc":{"start":{"line":16,"column":18},"end":{"line":23,"column":3}},"line":16},"4":{"name":"(anonymous_4)","decl":{"start":{"line":20,"column":20},"end":{"line":20,"column":21}},"loc":{"start":{"line":20,"column":26},"end":{"line":20,"column":38}},"line":20},"5":{"name":"(anonymous_5)","decl":{"start":{"line":22,"column":11},"end":{"line":22,"column":12}},"loc":{"start":{"line":22,"column":17},"end":{"line":22,"column":61}},"line":22},"6":{"name":"(anonymous_6)","decl":{"start":{"line":25,"column":23},"end":{"line":25,"column":24}},"loc":{"start":{"line":25,"column":39},"end":{"line":29,"column":3}},"line":25},"7":{"name":"(anonymous_7)","decl":{"start":{"line":28,"column":13},"end":{"line":28,"column":14}},"loc":{"start":{"line":28,"column":21},"end":{"line":28,"column":54}},"line":28},"8":{"name":"(anonymous_8)","decl":{"start":{"line":28,"column":33},"end":{"line":28,"column":34}},"loc":{"start":{"line":28,"column":38},"end":{"line":28,"column":53}},"line":28},"9":{"name":"(anonymous_9)","decl":{"start":{"line":41,"column":19},"end":{"line":41,"column":20}},"loc":{"start":{"line":42,"column":10},"end":{"line":75,"column":16}},"line":42},"10":{"name":"(anonymous_10)","decl":{"start":{"line":68,"column":27},"end":{"line":68,"column":28}},"loc":{"start":{"line":68,"column":33},"end":{"line":68,"column":54}},"line":68}},"branchMap":{"0":{"loc":{"start":{"line":26,"column":4},"end":{"line":26,"column":53}},"type":"if","locations":[{"start":{"line":26,"column":4},"end":{"line":26,"column":53}},{"start":{},"end":{}}],"line":26},"1":{"loc":{"start":{"line":43,"column":13},"end":{"line":49,"column":13}},"type":"binary-expr","locations":[{"start":{"line":43,"column":14},"end":{"line":43,"column":33}},{"start":{"line":43,"column":37},"end":{"line":43,"column":50}},{"start":{"line":44,"column":14},"end":{"line":48,"column":16}}],"line":43},"2":{"loc":{"start":{"line":45,"column":21},"end":{"line":45,"column":57}},"type":"binary-expr","locations":[{"start":{"line":45,"column":21},"end":{"line":45,"column":40}},{"start":{"line":45,"column":44},"end":{"line":45,"column":57}}],"line":45}},"s":{"0":0,"1":0,"2":0,"3":0,"4":0,"5":0,"6":0,"7":0,"8":0,"9":0,"10":0,"11":0,"12":0,"13":0,"14":0,"15":0,"16":0,"17":0,"18":0,"19":0,"20":0,"21":0},"f":{"0":0,"1":0,"2":0,"3":0,"4":0,"5":0,"6":0,"7":0,"8":0,"9":0,"10":0},"b":{"0":[0,0],"1":[0,0,0],"2":[0,0]},"_coverageSchema":"1a1c01bbd47fc00a2c39e90264f33305004495a9","hash":"515d8ab24b5a9ce68b58d3b224812bd19d9d21a0"}
,"C:\\jp\\Room-Rental-App\\src\\pages\\DashboardAdmin.js": {"path":"C:\\jp\\Room-Rental-App\\src\\pages\\DashboardAdmin.js","statementMap":{"0":{"start":{"line":6,"column":23},"end":{"line":139,"column":1}},"1":{"start":{"line":7,"column":28},"end":{"line":13,"column":4}},"2":{"start":{"line":14,"column":52},"end":{"line":14,"column":64}},"3":{"start":{"line":15,"column":50},"end":{"line":15,"column":62}},"4":{"start":{"line":17,"column":2},"end":{"line":54,"column":9}},"5":{"start":{"line":18,"column":22},"end":{"line":51,"column":5}},"6":{"start":{"line":19,"column":6},"end":{"line":50,"column":7}},"7":{"start":{"line":20,"column":53},"end":{"line":24,"column":10}},"8":{"start":{"line":26,"column":27},"end":{"line":26,"column":41}},"9":{"start":{"line":27,"column":30},"end":{"line":27,"column":47}},"10":{"start":{"line":29,"column":29},"end":{"line":29,"column":65}},"11":{"start":{"line":29,"column":56},"end":{"line":29,"column":64}},"12":{"start":{"line":30,"column":29},"end":{"line":30,"column":93}},"13":{"start":{"line":30,"column":61},"end":{"line":30,"column":89}},"14":{"start":{"line":32,"column":25},"end":{"line":32,"column":77}},"15":{"start":{"line":32,"column":50},"end":{"line":32,"column":75}},"16":{"start":{"line":33,"column":26},"end":{"line":33,"column":69}},"17":{"start":{"line":33,"column":47},"end":{"line":33,"column":68}},"18":{"start":{"line":34,"column":25},"end":{"line":34,"column":60}},"19":{"start":{"line":34,"column":47},"end":{"line":34,"column":59}},"20":{"start":{"line":35,"column":24},"end":{"line":35,"column":60}},"21":{"start":{"line":35,"column":46},"end":{"line":35,"column":59}},"22":{"start":{"line":36,"column":23},"end":{"line":36,"column":63}},"23":{"start":{"line":36,"column":44},"end":{"line":36,"column":62}},"24":{"start":{"line":38,"column":8},"end":{"line":44,"column":11}},"25":{"start":{"line":46,"column":8},"end":{"line":46,"column":39}},"26":{"start":{"line":47,"column":8},"end":{"line":47,"column":37}},"27":{"start":{"line":49,"column":8},"end":{"line":49,"column":57}},"28":{"start":{"line":53,"column":4},"end":{"line":53,"column":16}},"29":{"start":{"line":56,"column":18},"end":{"line":67,"column":3}},"30":{"start":{"line":57,"column":4},"end":{"line":66,"column":5}},"31":{"start":{"line":58,"column":6},"end":{"line":58,"column":67}},"32":{"start":{"line":59,"column":6},"end":{"line":59,"column":62}},"33":{"start":{"line":59,"column":32},"end":{"line":59,"column":60}},"34":{"start":{"line":59,"column":47},"end":{"line":59,"column":59}},"35":{"start":{"line":60,"column":27},"end":{"line":60,"column":67}},"36":{"start":{"line":60,"column":54},"end":{"line":60,"column":66}},"37":{"start":{"line":61,"column":6},"end":{"line":63,"column":7}},"38":{"start":{"line":62,"column":8},"end":{"line":62,"column":83}},"39":{"start":{"line":62,"column":35},"end":{"line":62,"column":81}},"40":{"start":{"line":65,"column":6},"end":{"line":65,"column":54}},"41":{"start":{"line":69,"column":25},"end":{"line":80,"column":3}},"42":{"start":{"line":70,"column":20},"end":{"line":70,"column":84}},"43":{"start":{"line":71,"column":4},"end":{"line":71,"column":25}},"44":{"start":{"line":71,"column":18},"end":{"line":71,"column":25}},"45":{"start":{"line":73,"column":4},"end":{"line":79,"column":5}},"46":{"start":{"line":74,"column":6},"end":{"line":74,"column":45}},"47":{"start":{"line":75,"column":6},"end":{"line":75,"column":63}},"48":{"start":{"line":75,"column":33},"end":{"line":75,"column":61}},"49":{"start":{"line":75,"column":48},"end":{"line":75,"column":60}},"50":{"start":{"line":76,"column":6},"end":{"line":76,"column":62}},"51":{"start":{"line":76,"column":32},"end":{"line":76,"column":60}},"52":{"start":{"line":76,"column":47},"end":{"line":76,"column":59}},"53":{"start":{"line":78,"column":6},"end":{"line":78,"column":53}},"54":{"start":{"line":82,"column":2},"end":{"line":138,"column":4}},"55":{"start":{"line":114,"column":14},"end":{"line":117,"column":19}},"56":{"start":{"line":116,"column":39},"end":{"line":116,"column":59}},"57":{"start":{"line":128,"column":14},"end":{"line":132,"column":19}},"58":{"start":{"line":130,"column":39},"end":{"line":130,"column":52}},"59":{"start":{"line":131,"column":39},"end":{"line":131,"column":59}}},"fnMap":{"0":{"name":"(anonymous_0)","decl":{"start":{"line":6,"column":23},"end":{"line":6,"column":24}},"loc":{"start":{"line":6,"column":29},"end":{"line":139,"column":1}},"line":6},"1":{"name":"(anonymous_1)","decl":{"start":{"line":17,"column":12},"end":{"line":17,"column":13}},"loc":{"start":{"line":17,"column":18},"end":{"line":54,"column":3}},"line":17},"2":{"name":"(anonymous_2)","decl":{"start":{"line":18,"column":22},"end":{"line":18,"column":23}},"loc":{"start":{"line":18,"column":34},"end":{"line":51,"column":5}},"line":18},"3":{"name":"(anonymous_3)","decl":{"start":{"line":29,"column":51},"end":{"line":29,"column":52}},"loc":{"start":{"line":29,"column":56},"end":{"line":29,"column":64}},"line":29},"4":{"name":"(anonymous_4)","decl":{"start":{"line":30,"column":49},"end":{"line":30,"column":50}},"loc":{"start":{"line":30,"column":61},"end":{"line":30,"column":89}},"line":30},"5":{"name":"(anonymous_5)","decl":{"start":{"line":32,"column":44},"end":{"line":32,"column":45}},"loc":{"start":{"line":32,"column":50},"end":{"line":32,"column":75}},"line":32},"6":{"name":"(anonymous_6)","decl":{"start":{"line":33,"column":42},"end":{"line":33,"column":43}},"loc":{"start":{"line":33,"column":47},"end":{"line":33,"column":68}},"line":33},"7":{"name":"(anonymous_7)","decl":{"start":{"line":34,"column":42},"end":{"line":34,"column":43}},"loc":{"start":{"line":34,"column":47},"end":{"line":34,"column":59}},"line":34},"8":{"name":"(anonymous_8)","decl":{"start":{"line":35,"column":41},"end":{"line":35,"column":42}},"loc":{"start":{"line":35,"column":46},"end":{"line":35,"column":59}},"line":35},"9":{"name":"(anonymous_9)","decl":{"start":{"line":36,"column":39},"end":{"line":36,"column":40}},"loc":{"start":{"line":36,"column":44},"end":{"line":36,"column":62}},"line":36},"10":{"name":"(anonymous_10)","decl":{"start":{"line":56,"column":18},"end":{"line":56,"column":19}},"loc":{"start":{"line":56,"column":31},"end":{"line":67,"column":3}},"line":56},"11":{"name":"(anonymous_11)","decl":{"start":{"line":59,"column":26},"end":{"line":59,"column":27}},"loc":{"start":{"line":59,"column":32},"end":{"line":59,"column":60}},"line":59},"12":{"name":"(anonymous_12)","decl":{"start":{"line":59,"column":42},"end":{"line":59,"column":43}},"loc":{"start":{"line":59,"column":47},"end":{"line":59,"column":59}},"line":59},"13":{"name":"(anonymous_13)","decl":{"start":{"line":60,"column":49},"end":{"line":60,"column":50}},"loc":{"start":{"line":60,"column":54},"end":{"line":60,"column":66}},"line":60},"14":{"name":"(anonymous_14)","decl":{"start":{"line":62,"column":29},"end":{"line":62,"column":30}},"loc":{"start":{"line":62,"column":35},"end":{"line":62,"column":81}},"line":62},"15":{"name":"(anonymous_15)","decl":{"start":{"line":69,"column":25},"end":{"line":69,"column":26}},"loc":{"start":{"line":69,"column":38},"end":{"line":80,"column":3}},"line":69},"16":{"name":"(anonymous_16)","decl":{"start":{"line":75,"column":27},"end":{"line":75,"column":28}},"loc":{"start":{"line":75,"column":33},"end":{"line":75,"column":61}},"line":75},"17":{"name":"(anonymous_17)","decl":{"start":{"line":75,"column":43},"end":{"line":75,"column":44}},"loc":{"start":{"line":75,"column":48},"end":{"line":75,"column":60}},"line":75},"18":{"name":"(anonymous_18)","decl":{"start":{"line":76,"column":26},"end":{"line":76,"column":27}},"loc":{"start":{"line":76,"column":32},"end":{"line":76,"column":60}},"line":76},"19":{"name":"(anonymous_19)","decl":{"start":{"line":76,"column":42},"end":{"line":76,"column":43}},"loc":{"start":{"line":76,"column":47},"end":{"line":76,"column":59}},"line":76},"20":{"name":"(anonymous_20)","decl":{"start":{"line":113,"column":35},"end":{"line":113,"column":36}},"loc":{"start":{"line":114,"column":14},"end":{"line":117,"column":19}},"line":114},"21":{"name":"(anonymous_21)","decl":{"start":{"line":116,"column":33},"end":{"line":116,"column":34}},"loc":{"start":{"line":116,"column":39},"end":{"line":116,"column":59}},"line":116},"22":{"name":"(anonymous_22)","decl":{"start":{"line":127,"column":34},"end":{"line":127,"column":35}},"loc":{"start":{"line":128,"column":14},"end":{"line":132,"column":19}},"line":128},"23":{"name":"(anonymous_23)","decl":{"start":{"line":130,"column":33},"end":{"line":130,"column":34}},"loc":{"start":{"line":130,"column":39},"end":{"line":130,"column":52}},"line":130},"24":{"name":"(anonymous_24)","decl":{"start":{"line":131,"column":33},"end":{"line":131,"column":34}},"loc":{"start":{"line":131,"column":39},"end":{"line":131,"column":59}},"line":131}},"branchMap":{"0":{"loc":{"start":{"line":30,"column":68},"end":{"line":30,"column":88}},"type":"binary-expr","locations":[{"start":{"line":30,"column":68},"end":{"line":30,"column":83}},{"start":{"line":30,"column":87},"end":{"line":30,"column":88}}],"line":30},"1":{"loc":{"start":{"line":61,"column":6},"end":{"line":63,"column":7}},"type":"if","locations":[{"start":{"line":61,"column":6},"end":{"line":63,"column":7}},{"start":{},"end":{}}],"line":61},"2":{"loc":{"start":{"line":71,"column":4},"end":{"line":71,"column":25}},"type":"if","locations":[{"start":{"line":71,"column":4},"end":{"line":71,"column":25}},{"start":{},"end":{}}],"line":71},"3":{"loc":{"start":{"line":109,"column":7},"end":{"line":121,"column":7}},"type":"binary-expr","locations":[{"start":{"line":109,"column":7},"end":{"line":109,"column":35}},{"start":{"line":110,"column":8},"end":{"line":120,"column":18}}],"line":109},"4":{"loc":{"start":{"line":123,"column":7},"end":{"line":136,"column":7}},"type":"binary-expr","locations":[{"start":{"line":123,"column":7},"end":{"line":123,"column":34}},{"start":{"line":124,"column":8},"end":{"line":135,"column":18}}],"line":123}},"s":{"0":1,"1":0,"2":0,"3":0,"4":0,"5":0,"6":0,"7":0,"8":0,"9":0,"10":0,"11":0,"12":0,"13":0,"14":0,"15":0,"16":0,"17":0,"18":0,"19":0,"20":0,"21":0,"22":0,"23":0,"24":0,"25":0,"26":0,"27":0,"28":0,"29":0,"30":0,"31":0,"32":0,"33":0,"34":0,"35":0,"36":0,"37":0,"38":0,"39":0,"40":0,"41":0,"42":0,"43":0,"44":0,"45":0,"46":0,"47":0,"48":0,"49":0,"50":0,"51":0,"52":0,"53":0,"54":0,"55":0,"56":0,"57":0,"58":0,"59":0},"f":{"0":0,"1":0,"2":0,"3":0,"4":0,"5":0,"6":0,"7":0,"8":0,"9":0,"10":0,"11":0,"12":0,"13":0,"14":0,"15":0,"16":0,"17":0,"18":0,"19":0,"20":0,"21":0,"22":0,"23":0,"24":0},"b":{"0":[0,0],"1":[0,0],"2":[0,0],"3":[0,0],"4":[0,0]},"_coverageSchema":"1a1c01bbd47fc00a2c39e90264f33305004495a9","hash":"0d61164919e7093d38d4992d50b43fa56cef9e44"}
,"C:\\jp\\Room-Rental-App\\src\\pages\\DashboardGuest.js": {"path":"C:\\jp\\Room-Rental-App\\src\\pages\\DashboardGuest.js","statementMap":{"0":{"start":{"line":4,"column":18},"end":{"line":8,"column":1}},"1":{"start":{"line":10,"column":20},"end":{"line":29,"column":1}},"2":{"start":{"line":31,"column":23},"end":{"line":68,"column":1}},"3":{"start":{"line":32,"column":38},"end":{"line":32,"column":49}},"4":{"start":{"line":34,"column":2},"end":{"line":39,"column":9}},"5":{"start":{"line":35,"column":15},"end":{"line":37,"column":12}},"6":{"start":{"line":36,"column":6},"end":{"line":36,"column":55}},"7":{"start":{"line":36,"column":25},"end":{"line":36,"column":53}},"8":{"start":{"line":38,"column":4},"end":{"line":38,"column":35}},"9":{"start":{"line":38,"column":17},"end":{"line":38,"column":34}},"10":{"start":{"line":41,"column":16},"end":{"line":41,"column":39}},"11":{"start":{"line":43,"column":2},"end":{"line":67,"column":4}},"12":{"start":{"line":49,"column":10},"end":{"line":52,"column":16}}},"fnMap":{"0":{"name":"(anonymous_0)","decl":{"start":{"line":31,"column":23},"end":{"line":31,"column":24}},"loc":{"start":{"line":31,"column":29},"end":{"line":68,"column":1}},"line":31},"1":{"name":"(anonymous_1)","decl":{"start":{"line":34,"column":12},"end":{"line":34,"column":13}},"loc":{"start":{"line":34,"column":18},"end":{"line":39,"column":3}},"line":34},"2":{"name":"(anonymous_2)","decl":{"start":{"line":35,"column":27},"end":{"line":35,"column":28}},"loc":{"start":{"line":35,"column":33},"end":{"line":37,"column":5}},"line":35},"3":{"name":"(anonymous_3)","decl":{"start":{"line":36,"column":20},"end":{"line":36,"column":21}},"loc":{"start":{"line":36,"column":25},"end":{"line":36,"column":53}},"line":36},"4":{"name":"(anonymous_4)","decl":{"start":{"line":38,"column":11},"end":{"line":38,"column":12}},"loc":{"start":{"line":38,"column":17},"end":{"line":38,"column":34}},"line":38},"5":{"name":"(anonymous_5)","decl":{"start":{"line":48,"column":23},"end":{"line":48,"column":24}},"loc":{"start":{"line":49,"column":10},"end":{"line":52,"column":16}},"line":49}},"branchMap":{},"s":{"0":1,"1":1,"2":1,"3":1,"4":1,"5":1,"6":0,"7":0,"8":1,"9":1,"10":1,"11":1,"12":3},"f":{"0":1,"1":1,"2":0,"3":0,"4":1,"5":3},"b":{},"_coverageSchema":"1a1c01bbd47fc00a2c39e90264f33305004495a9","hash":"cfa2a18f38183d42c2c059df765ffca57369121a"}
,"C:\\jp\\Room-Rental-App\\src\\pages\\DashboardLandlord.js": {"path":"C:\\jp\\Room-Rental-App\\src\\pages\\DashboardLandlord.js","statementMap":{"0":{"start":{"line":8,"column":26},"end":{"line":86,"column":1}},"1":{"start":{"line":9,"column":19},"end":{"line":9,"column":42}},"2":{"start":{"line":10,"column":19},"end":{"line":10,"column":32}},"3":{"start":{"line":12,"column":32},"end":{"line":12,"column":43}},"4":{"start":{"line":13,"column":42},"end":{"line":13,"column":53}},"5":{"start":{"line":14,"column":36},"end":{"line":14,"column":47}},"6":{"start":{"line":17,"column":2},"end":{"line":33,"column":13}},"7":{"start":{"line":18,"column":26},"end":{"line":31,"column":5}},"8":{"start":{"line":19,"column":19},"end":{"line":19,"column":60}},"9":{"start":{"line":20,"column":18},"end":{"line":20,"column":19}},"10":{"start":{"line":21,"column":18},"end":{"line":21,"column":19}},"11":{"start":{"line":22,"column":6},"end":{"line":28,"column":9}},"12":{"start":{"line":23,"column":21},"end":{"line":23,"column":31}},"13":{"start":{"line":24,"column":8},"end":{"line":27,"column":9}},"14":{"start":{"line":25,"column":10},"end":{"line":25,"column":30}},"15":{"start":{"line":26,"column":10},"end":{"line":26,"column":21}},"16":{"start":{"line":29,"column":6},"end":{"line":29,"column":24}},"17":{"start":{"line":30,"column":6},"end":{"line":30,"column":29}},"18":{"start":{"line":32,"column":4},"end":{"line":32,"column":20}},"19":{"start":{"line":36,"column":2},"end":{"line":47,"column":13}},"20":{"start":{"line":37,"column":23},"end":{"line":45,"column":5}},"21":{"start":{"line":38,"column":19},"end":{"line":38,"column":57}},"22":{"start":{"line":39,"column":18},"end":{"line":39,"column":19}},"23":{"start":{"line":40,"column":6},"end":{"line":43,"column":9}},"24":{"start":{"line":41,"column":21},"end":{"line":41,"column":31}},"25":{"start":{"line":42,"column":8},"end":{"line":42,"column":50}},"26":{"start":{"line":42,"column":39},"end":{"line":42,"column":50}},"27":{"start":{"line":44,"column":6},"end":{"line":44,"column":26}},"28":{"start":{"line":46,"column":4},"end":{"line":46,"column":17}},"29":{"start":{"line":49,"column":2},"end":{"line":85,"column":4}},"30":{"start":{"line":80,"column":23},"end":{"line":80,"column":44}}},"fnMap":{"0":{"name":"(anonymous_0)","decl":{"start":{"line":8,"column":26},"end":{"line":8,"column":27}},"loc":{"start":{"line":8,"column":32},"end":{"line":86,"column":1}},"line":8},"1":{"name":"(anonymous_1)","decl":{"start":{"line":17,"column":12},"end":{"line":17,"column":13}},"loc":{"start":{"line":17,"column":18},"end":{"line":33,"column":3}},"line":17},"2":{"name":"(anonymous_2)","decl":{"start":{"line":18,"column":26},"end":{"line":18,"column":27}},"loc":{"start":{"line":18,"column":38},"end":{"line":31,"column":5}},"line":18},"3":{"name":"(anonymous_3)","decl":{"start":{"line":22,"column":19},"end":{"line":22,"column":20}},"loc":{"start":{"line":22,"column":26},"end":{"line":28,"column":7}},"line":22},"4":{"name":"(anonymous_4)","decl":{"start":{"line":36,"column":12},"end":{"line":36,"column":13}},"loc":{"start":{"line":36,"column":18},"end":{"line":47,"column":3}},"line":36},"5":{"name":"(anonymous_5)","decl":{"start":{"line":37,"column":23},"end":{"line":37,"column":24}},"loc":{"start":{"line":37,"column":35},"end":{"line":45,"column":5}},"line":37},"6":{"name":"(anonymous_6)","decl":{"start":{"line":40,"column":19},"end":{"line":40,"column":20}},"loc":{"start":{"line":40,"column":26},"end":{"line":43,"column":7}},"line":40},"7":{"name":"(anonymous_7)","decl":{"start":{"line":80,"column":17},"end":{"line":80,"column":18}},"loc":{"start":{"line":80,"column":23},"end":{"line":80,"column":44}},"line":80}},"branchMap":{"0":{"loc":{"start":{"line":24,"column":8},"end":{"line":27,"column":9}},"type":"if","locations":[{"start":{"line":24,"column":8},"end":{"line":27,"column":9}},{"start":{},"end":{}}],"line":24},"1":{"loc":{"start":{"line":42,"column":8},"end":{"line":42,"column":50}},"type":"if","locations":[{"start":{"line":42,"column":8},"end":{"line":42,"column":50}},{"start":{},"end":{}}],"line":42}},"s":{"0":1,"1":0,"2":0,"3":0,"4":0,"5":0,"6":0,"7":0,"8":0,"9":0,"10":0,"11":0,"12":0,"13":0,"14":0,"15":0,"16":0,"17":0,"18":0,"19":0,"20":0,"21":0,"22":0,"23":0,"24":0,"25":0,"26":0,"27":0,"28":0,"29":0,"30":0},"f":{"0":0,"1":0,"2":0,"3":0,"4":0,"5":0,"6":0,"7":0},"b":{"0":[0,0],"1":[0,0]},"_coverageSchema":"1a1c01bbd47fc00a2c39e90264f33305004495a9","hash":"5ac836540b508be83264df7659624da3ad31b994"}
,"C:\\jp\\Room-Rental-App\\src\\pages\\FindRoom.js": {"path":"C:\\jp\\Room-Rental-App\\src\\pages\\FindRoom.js","statementMap":{"0":{"start":{"line":21,"column":16},"end":{"line":28,"column":1}},"1":{"start":{"line":32,"column":17},"end":{"line":32,"column":74}},"2":{"start":{"line":33,"column":24},"end":{"line":33,"column":35}},"3":{"start":{"line":35,"column":15},"end":{"line":35,"column":98}},"4":{"start":{"line":35,"column":22},"end":{"line":35,"column":42}},"5":{"start":{"line":35,"column":43},"end":{"line":35,"column":96}},"6":{"start":{"line":35,"column":55},"end":{"line":35,"column":94}},"7":{"start":{"line":36,"column":15},"end":{"line":36,"column":82}},"8":{"start":{"line":36,"column":22},"end":{"line":36,"column":42}},"9":{"start":{"line":36,"column":43},"end":{"line":36,"column":80}},"10":{"start":{"line":36,"column":55},"end":{"line":36,"column":78}},"11":{"start":{"line":38,"column":20},"end":{"line":40,"column":7}},"12":{"start":{"line":39,"column":46},"end":{"line":39,"column":60}},"13":{"start":{"line":42,"column":2},"end":{"line":78,"column":4}},"14":{"start":{"line":43,"column":46},"end":{"line":43,"column":64}},"15":{"start":{"line":61,"column":16},"end":{"line":61,"column":92}},"16":{"start":{"line":72,"column":26},"end":{"line":72,"column":46}},"17":{"start":{"line":72,"column":47},"end":{"line":72,"column":60}},"18":{"start":{"line":82,"column":19},"end":{"line":82,"column":42}},"19":{"start":{"line":83,"column":19},"end":{"line":83,"column":32}},"20":{"start":{"line":85,"column":28},"end":{"line":85,"column":40}},"21":{"start":{"line":86,"column":44},"end":{"line":86,"column":56}},"22":{"start":{"line":87,"column":36},"end":{"line":87,"column":48}},"23":{"start":{"line":88,"column":46},"end":{"line":88,"column":61}},"24":{"start":{"line":89,"column":40},"end":{"line":89,"column":54}},"25":{"start":{"line":90,"column":38},"end":{"line":90,"column":52}},"26":{"start":{"line":91,"column":42},"end":{"line":91,"column":53}},"27":{"start":{"line":92,"column":36},"end":{"line":92,"column":56}},"28":{"start":{"line":93,"column":32},"end":{"line":93,"column":52}},"29":{"start":{"line":95,"column":2},"end":{"line":115,"column":9}},"30":{"start":{"line":96,"column":25},"end":{"line":113,"column":5}},"31":{"start":{"line":97,"column":23},"end":{"line":97,"column":46}},"32":{"start":{"line":98,"column":19},"end":{"line":98,"column":42}},"33":{"start":{"line":99,"column":17},"end":{"line":99,"column":64}},"34":{"start":{"line":99,"column":37},"end":{"line":99,"column":62}},"35":{"start":{"line":101,"column":6},"end":{"line":109,"column":7}},"36":{"start":{"line":103,"column":8},"end":{"line":103,"column":81}},"37":{"start":{"line":103,"column":45},"end":{"line":103,"column":78}},"38":{"start":{"line":105,"column":8},"end":{"line":105,"column":69}},"39":{"start":{"line":105,"column":47},"end":{"line":105,"column":66}},"40":{"start":{"line":107,"column":24},"end":{"line":107,"column":47}},"41":{"start":{"line":108,"column":8},"end":{"line":108,"column":66}},"42":{"start":{"line":108,"column":38},"end":{"line":108,"column":63}},"43":{"start":{"line":111,"column":6},"end":{"line":111,"column":21}},"44":{"start":{"line":112,"column":6},"end":{"line":112,"column":29}},"45":{"start":{"line":114,"column":4},"end":{"line":114,"column":19}},"46":{"start":{"line":117,"column":2},"end":{"line":140,"column":14}},"47":{"start":{"line":118,"column":4},"end":{"line":118,"column":30}},"48":{"start":{"line":118,"column":23},"end":{"line":118,"column":30}},"49":{"start":{"line":119,"column":27},"end":{"line":138,"column":5}},"50":{"start":{"line":120,"column":19},"end":{"line":120,"column":21}},"51":{"start":{"line":121,"column":6},"end":{"line":136,"column":7}},"52":{"start":{"line":122,"column":20},"end":{"line":122,"column":86}},"53":{"start":{"line":123,"column":23},"end":{"line":123,"column":41}},"54":{"start":{"line":124,"column":24},"end":{"line":134,"column":9}},"55":{"start":{"line":126,"column":48},"end":{"line":126,"column":59}},"56":{"start":{"line":127,"column":27},"end":{"line":127,"column":38}},"57":{"start":{"line":128,"column":12},"end":{"line":131,"column":22}},"58":{"start":{"line":129,"column":27},"end":{"line":129,"column":65}},"59":{"start":{"line":130,"column":14},"end":{"line":130,"column":86}},"60":{"start":{"line":130,"column":33},"end":{"line":130,"column":86}},"61":{"start":{"line":132,"column":12},"end":{"line":132,"column":62}},"62":{"start":{"line":135,"column":8},"end":{"line":135,"column":32}},"63":{"start":{"line":137,"column":6},"end":{"line":137,"column":25}},"64":{"start":{"line":139,"column":4},"end":{"line":139,"column":21}},"65":{"start":{"line":142,"column":2},"end":{"line":148,"column":30}},"66":{"start":{"line":143,"column":4},"end":{"line":147,"column":6}},"67":{"start":{"line":146,"column":28},"end":{"line":146,"column":63}},"68":{"start":{"line":150,"column":21},"end":{"line":161,"column":3}},"69":{"start":{"line":151,"column":4},"end":{"line":151,"column":41}},"70":{"start":{"line":151,"column":15},"end":{"line":151,"column":41}},"71":{"start":{"line":152,"column":4},"end":{"line":152,"column":74}},"72":{"start":{"line":152,"column":31},"end":{"line":152,"column":74}},"73":{"start":{"line":153,"column":4},"end":{"line":153,"column":25}},"74":{"start":{"line":154,"column":4},"end":{"line":160,"column":5}},"75":{"start":{"line":155,"column":6},"end":{"line":155,"column":26}},"76":{"start":{"line":156,"column":6},"end":{"line":159,"column":13}},"77":{"start":{"line":157,"column":8},"end":{"line":157,"column":28}},"78":{"start":{"line":158,"column":8},"end":{"line":158,"column":27}},"79":{"start":{"line":163,"column":25},"end":{"line":197,"column":3}},"80":{"start":{"line":164,"column":4},"end":{"line":167,"column":5}},"81":{"start":{"line":165,"column":6},"end":{"line":165,"column":53}},"82":{"start":{"line":166,"column":6},"end":{"line":166,"column":13}},"83":{"start":{"line":169,"column":19},"end":{"line":169,"column":92}},"84":{"start":{"line":170,"column":4},"end":{"line":173,"column":5}},"85":{"start":{"line":171,"column":6},"end":{"line":171,"column":47}},"86":{"start":{"line":172,"column":6},"end":{"line":172,"column":13}},"87":{"start":{"line":175,"column":23},"end":{"line":175,"column":49}},"88":{"start":{"line":177,"column":4},"end":{"line":196,"column":5}},"89":{"start":{"line":178,"column":21},"end":{"line":191,"column":8}},"90":{"start":{"line":193,"column":6},"end":{"line":193,"column":40}},"91":{"start":{"line":195,"column":6},"end":{"line":195,"column":50}},"92":{"start":{"line":199,"column":21},"end":{"line":203,"column":3}},"93":{"start":{"line":200,"column":4},"end":{"line":200,"column":24}},"94":{"start":{"line":201,"column":4},"end":{"line":201,"column":23}},"95":{"start":{"line":202,"column":4},"end":{"line":202,"column":25}},"96":{"start":{"line":204,"column":22},"end":{"line":207,"column":3}},"97":{"start":{"line":205,"column":4},"end":{"line":205,"column":24}},"98":{"start":{"line":206,"column":4},"end":{"line":206,"column":25}},"99":{"start":{"line":209,"column":2},"end":{"line":319,"column":4}},"100":{"start":{"line":217,"column":25},"end":{"line":217,"column":58}},"101":{"start":{"line":219,"column":28},"end":{"line":219,"column":66}},"102":{"start":{"line":225,"column":10},"end":{"line":231,"column":12}},"103":{"start":{"line":246,"column":20},"end":{"line":248,"column":21}},"104":{"start":{"line":247,"column":22},"end":{"line":247,"column":105}},"105":{"start":{"line":259,"column":20},"end":{"line":261,"column":21}},"106":{"start":{"line":260,"column":22},"end":{"line":260,"column":67}},"107":{"start":{"line":275,"column":62},"end":{"line":275,"column":84}},"108":{"start":{"line":288,"column":45},"end":{"line":288,"column":65}},"109":{"start":{"line":299,"column":18},"end":{"line":309,"column":24}},"110":{"start":{"line":303,"column":24},"end":{"line":305,"column":31}}},"fnMap":{"0":{"name":"RoomCard","decl":{"start":{"line":31,"column":9},"end":{"line":31,"column":17}},"loc":{"start":{"line":31,"column":66},"end":{"line":79,"column":1}},"line":31},"1":{"name":"(anonymous_1)","decl":{"start":{"line":35,"column":15},"end":{"line":35,"column":16}},"loc":{"start":{"line":35,"column":20},"end":{"line":35,"column":98}},"line":35},"2":{"name":"(anonymous_2)","decl":{"start":{"line":35,"column":50},"end":{"line":35,"column":51}},"loc":{"start":{"line":35,"column":55},"end":{"line":35,"column":94}},"line":35},"3":{"name":"(anonymous_3)","decl":{"start":{"line":36,"column":15},"end":{"line":36,"column":16}},"loc":{"start":{"line":36,"column":20},"end":{"line":36,"column":82}},"line":36},"4":{"name":"(anonymous_4)","decl":{"start":{"line":36,"column":50},"end":{"line":36,"column":51}},"loc":{"start":{"line":36,"column":55},"end":{"line":36,"column":78}},"line":36},"5":{"name":"(anonymous_5)","decl":{"start":{"line":39,"column":34},"end":{"line":39,"column":35}},"loc":{"start":{"line":39,"column":46},"end":{"line":39,"column":60}},"line":39},"6":{"name":"(anonymous_6)","decl":{"start":{"line":43,"column":40},"end":{"line":43,"column":41}},"loc":{"start":{"line":43,"column":46},"end":{"line":43,"column":64}},"line":43},"7":{"name":"(anonymous_7)","decl":{"start":{"line":60,"column":31},"end":{"line":60,"column":32}},"loc":{"start":{"line":61,"column":16},"end":{"line":61,"column":92}},"line":61},"8":{"name":"(anonymous_8)","decl":{"start":{"line":72,"column":19},"end":{"line":72,"column":20}},"loc":{"start":{"line":72,"column":24},"end":{"line":72,"column":62}},"line":72},"9":{"name":"FindRoom","decl":{"start":{"line":81,"column":24},"end":{"line":81,"column":32}},"loc":{"start":{"line":81,"column":35},"end":{"line":320,"column":1}},"line":81},"10":{"name":"(anonymous_10)","decl":{"start":{"line":95,"column":12},"end":{"line":95,"column":13}},"loc":{"start":{"line":95,"column":18},"end":{"line":115,"column":3}},"line":95},"11":{"name":"(anonymous_11)","decl":{"start":{"line":96,"column":25},"end":{"line":96,"column":26}},"loc":{"start":{"line":96,"column":37},"end":{"line":113,"column":5}},"line":96},"12":{"name":"(anonymous_12)","decl":{"start":{"line":99,"column":31},"end":{"line":99,"column":32}},"loc":{"start":{"line":99,"column":37},"end":{"line":99,"column":62}},"line":99},"13":{"name":"(anonymous_13)","decl":{"start":{"line":103,"column":40},"end":{"line":103,"column":41}},"loc":{"start":{"line":103,"column":45},"end":{"line":103,"column":78}},"line":103},"14":{"name":"(anonymous_14)","decl":{"start":{"line":105,"column":42},"end":{"line":105,"column":43}},"loc":{"start":{"line":105,"column":47},"end":{"line":105,"column":66}},"line":105},"15":{"name":"(anonymous_15)","decl":{"start":{"line":108,"column":32},"end":{"line":108,"column":33}},"loc":{"start":{"line":108,"column":38},"end":{"line":108,"column":63}},"line":108},"16":{"name":"(anonymous_16)","decl":{"start":{"line":117,"column":12},"end":{"line":117,"column":13}},"loc":{"start":{"line":117,"column":18},"end":{"line":140,"column":3}},"line":117},"17":{"name":"(anonymous_17)","decl":{"start":{"line":119,"column":27},"end":{"line":119,"column":28}},"loc":{"start":{"line":119,"column":39},"end":{"line":138,"column":5}},"line":119},"18":{"name":"(anonymous_18)","decl":{"start":{"line":125,"column":26},"end":{"line":125,"column":27}},"loc":{"start":{"line":125,"column":40},"end":{"line":133,"column":11}},"line":125},"19":{"name":"(anonymous_19)","decl":{"start":{"line":142,"column":12},"end":{"line":142,"column":13}},"loc":{"start":{"line":142,"column":18},"end":{"line":148,"column":3}},"line":142},"20":{"name":"(anonymous_20)","decl":{"start":{"line":146,"column":23},"end":{"line":146,"column":24}},"loc":{"start":{"line":146,"column":28},"end":{"line":146,"column":63}},"line":146},"21":{"name":"(anonymous_21)","decl":{"start":{"line":150,"column":21},"end":{"line":150,"column":22}},"loc":{"start":{"line":150,"column":29},"end":{"line":161,"column":3}},"line":150},"22":{"name":"(anonymous_22)","decl":{"start":{"line":156,"column":17},"end":{"line":156,"column":18}},"loc":{"start":{"line":156,"column":23},"end":{"line":159,"column":7}},"line":156},"23":{"name":"(anonymous_23)","decl":{"start":{"line":163,"column":25},"end":{"line":163,"column":26}},"loc":{"start":{"line":163,"column":37},"end":{"line":197,"column":3}},"line":163},"24":{"name":"(anonymous_24)","decl":{"start":{"line":199,"column":21},"end":{"line":199,"column":22}},"loc":{"start":{"line":199,"column":29},"end":{"line":203,"column":3}},"line":199},"25":{"name":"(anonymous_25)","decl":{"start":{"line":204,"column":22},"end":{"line":204,"column":23}},"loc":{"start":{"line":204,"column":28},"end":{"line":207,"column":3}},"line":204},"26":{"name":"(anonymous_26)","decl":{"start":{"line":217,"column":20},"end":{"line":217,"column":21}},"loc":{"start":{"line":217,"column":25},"end":{"line":217,"column":58}},"line":217},"27":{"name":"(anonymous_27)","decl":{"start":{"line":219,"column":23},"end":{"line":219,"column":24}},"loc":{"start":{"line":219,"column":28},"end":{"line":219,"column":66}},"line":219},"28":{"name":"(anonymous_28)","decl":{"start":{"line":224,"column":27},"end":{"line":224,"column":28}},"loc":{"start":{"line":225,"column":10},"end":{"line":231,"column":12}},"line":225},"29":{"name":"(anonymous_29)","decl":{"start":{"line":245,"column":27},"end":{"line":245,"column":28}},"loc":{"start":{"line":246,"column":20},"end":{"line":248,"column":21}},"line":246},"30":{"name":"(anonymous_30)","decl":{"start":{"line":246,"column":36},"end":{"line":246,"column":37}},"loc":{"start":{"line":247,"column":22},"end":{"line":247,"column":105}},"line":247},"31":{"name":"(anonymous_31)","decl":{"start":{"line":258,"column":27},"end":{"line":258,"column":28}},"loc":{"start":{"line":259,"column":20},"end":{"line":261,"column":21}},"line":259},"32":{"name":"(anonymous_32)","decl":{"start":{"line":259,"column":36},"end":{"line":259,"column":37}},"loc":{"start":{"line":260,"column":22},"end":{"line":260,"column":67}},"line":260},"33":{"name":"(anonymous_33)","decl":{"start":{"line":275,"column":56},"end":{"line":275,"column":57}},"loc":{"start":{"line":275,"column":62},"end":{"line":275,"column":84}},"line":275},"34":{"name":"(anonymous_34)","decl":{"start":{"line":288,"column":39},"end":{"line":288,"column":40}},"loc":{"start":{"line":288,"column":45},"end":{"line":288,"column":65}},"line":288},"35":{"name":"(anonymous_35)","decl":{"start":{"line":298,"column":45},"end":{"line":298,"column":46}},"loc":{"start":{"line":299,"column":18},"end":{"line":309,"column":24}},"line":299},"36":{"name":"(anonymous_36)","decl":{"start":{"line":302,"column":39},"end":{"line":302,"column":40}},"loc":{"start":{"line":303,"column":24},"end":{"line":305,"column":31}},"line":303}},"branchMap":{"0":{"loc":{"start":{"line":31,"column":26},"end":{"line":31,"column":40}},"type":"default-arg","locations":[{"start":{"line":31,"column":38},"end":{"line":31,"column":40}}],"line":31},"1":{"loc":{"start":{"line":32,"column":17},"end":{"line":32,"column":74}},"type":"cond-expr","locations":[{"start":{"line":32,"column":42},"end":{"line":32,"column":56}},{"start":{"line":32,"column":59},"end":{"line":32,"column":74}}],"line":32},"2":{"loc":{"start":{"line":38,"column":20},"end":{"line":40,"column":7}},"type":"cond-expr","locations":[{"start":{"line":39,"column":6},"end":{"line":39,"column":84}},{"start":{"line":40,"column":6},"end":{"line":40,"column":7}}],"line":38},"3":{"loc":{"start":{"line":57,"column":9},"end":{"line":68,"column":9}},"type":"binary-expr","locations":[{"start":{"line":57,"column":9},"end":{"line":57,"column":29}},{"start":{"line":58,"column":10},"end":{"line":67,"column":16}}],"line":57},"4":{"loc":{"start":{"line":61,"column":41},"end":{"line":61,"column":82}},"type":"cond-expr","locations":[{"start":{"line":61,"column":58},"end":{"line":61,"column":73}},{"start":{"line":61,"column":76},"end":{"line":61,"column":82}}],"line":61},"5":{"loc":{"start":{"line":65,"column":40},"end":{"line":65,"column":71}},"type":"cond-expr","locations":[{"start":{"line":65,"column":63},"end":{"line":65,"column":66}},{"start":{"line":65,"column":69},"end":{"line":65,"column":71}}],"line":65},"6":{"loc":{"start":{"line":101,"column":6},"end":{"line":109,"column":7}},"type":"if","locations":[{"start":{"line":101,"column":6},"end":{"line":109,"column":7}},{"start":{},"end":{}}],"line":101},"7":{"loc":{"start":{"line":118,"column":4},"end":{"line":118,"column":30}},"type":"if","locations":[{"start":{"line":118,"column":4},"end":{"line":118,"column":30}},{"start":{},"end":{}}],"line":118},"8":{"loc":{"start":{"line":130,"column":14},"end":{"line":130,"column":86}},"type":"if","locations":[{"start":{"line":130,"column":14},"end":{"line":130,"column":86}},{"start":{},"end":{}}],"line":130},"9":{"loc":{"start":{"line":130,"column":44},"end":{"line":130,"column":85}},"type":"binary-expr","locations":[{"start":{"line":130,"column":44},"end":{"line":130,"column":64}},{"start":{"line":130,"column":68},"end":{"line":130,"column":85}}],"line":130},"10":{"loc":{"start":{"line":144,"column":6},"end":{"line":146,"column":64}},"type":"cond-expr","locations":[{"start":{"line":145,"column":10},"end":{"line":145,"column":15}},{"start":{"line":146,"column":10},"end":{"line":146,"column":64}}],"line":144},"11":{"loc":{"start":{"line":151,"column":4},"end":{"line":151,"column":41}},"type":"if","locations":[{"start":{"line":151,"column":4},"end":{"line":151,"column":41}},{"start":{},"end":{}}],"line":151},"12":{"loc":{"start":{"line":152,"column":4},"end":{"line":152,"column":74}},"type":"if","locations":[{"start":{"line":152,"column":4},"end":{"line":152,"column":74}},{"start":{},"end":{}}],"line":152},"13":{"loc":{"start":{"line":154,"column":4},"end":{"line":160,"column":5}},"type":"if","locations":[{"start":{"line":154,"column":4},"end":{"line":160,"column":5}},{"start":{},"end":{}}],"line":154},"14":{"loc":{"start":{"line":164,"column":4},"end":{"line":167,"column":5}},"type":"if","locations":[{"start":{"line":164,"column":4},"end":{"line":167,"column":5}},{"start":{},"end":{}}],"line":164},"15":{"loc":{"start":{"line":170,"column":4},"end":{"line":173,"column":5}},"type":"if","locations":[{"start":{"line":170,"column":4},"end":{"line":173,"column":5}},{"start":{},"end":{}}],"line":170},"16":{"loc":{"start":{"line":228,"column":23},"end":{"line":228,"column":47}},"type":"binary-expr","locations":[{"start":{"line":228,"column":23},"end":{"line":228,"column":41}},{"start":{"line":228,"column":45},"end":{"line":228,"column":47}}],"line":228},"17":{"loc":{"start":{"line":235,"column":7},"end":{"line":317,"column":7}},"type":"binary-expr","locations":[{"start":{"line":235,"column":7},"end":{"line":235,"column":17}},{"start":{"line":236,"column":8},"end":{"line":316,"column":14}}],"line":235},"18":{"loc":{"start":{"line":247,"column":32},"end":{"line":247,"column":65}},"type":"binary-expr","locations":[{"start":{"line":247,"column":32},"end":{"line":247,"column":60}},{"start":{"line":247,"column":64},"end":{"line":247,"column":65}}],"line":247},"19":{"loc":{"start":{"line":247,"column":71},"end":{"line":247,"column":104}},"type":"binary-expr","locations":[{"start":{"line":247,"column":71},"end":{"line":247,"column":99}},{"start":{"line":247,"column":103},"end":{"line":247,"column":104}}],"line":247},"20":{"loc":{"start":{"line":252,"column":23},"end":{"line":252,"column":82}},"type":"binary-expr","locations":[{"start":{"line":252,"column":23},"end":{"line":252,"column":59}},{"start":{"line":252,"column":63},"end":{"line":252,"column":82}}],"line":252},"21":{"loc":{"start":{"line":260,"column":33},"end":{"line":260,"column":66}},"type":"binary-expr","locations":[{"start":{"line":260,"column":33},"end":{"line":260,"column":61}},{"start":{"line":260,"column":65},"end":{"line":260,"column":66}}],"line":260},"22":{"loc":{"start":{"line":274,"column":17},"end":{"line":291,"column":17}},"type":"cond-expr","locations":[{"start":{"line":275,"column":18},"end":{"line":277,"column":27}},{"start":{"line":279,"column":18},"end":{"line":290,"column":24}}],"line":274},"23":{"loc":{"start":{"line":274,"column":18},"end":{"line":274,"column":66}},"type":"binary-expr","locations":[{"start":{"line":274,"column":18},"end":{"line":274,"column":30}},{"start":{"line":274,"column":34},"end":{"line":274,"column":66}}],"line":274},"24":{"loc":{"start":{"line":297,"column":15},"end":{"line":313,"column":15}},"type":"cond-expr","locations":[{"start":{"line":298,"column":16},"end":{"line":310,"column":18}},{"start":{"line":312,"column":16},"end":{"line":312,"column":61}}],"line":297},"25":{"loc":{"start":{"line":297,"column":16},"end":{"line":297,"column":46}},"type":"binary-expr","locations":[{"start":{"line":297,"column":16},"end":{"line":297,"column":40}},{"start":{"line":297,"column":44},"end":{"line":297,"column":46}}],"line":297},"26":{"loc":{"start":{"line":303,"column":49},"end":{"line":303,"column":89}},"type":"cond-expr","locations":[{"start":{"line":303,"column":65},"end":{"line":303,"column":80}},{"start":{"line":303,"column":83},"end":{"line":303,"column":89}}],"line":303}},"s":{"0":1,"1":0,"2":0,"3":0,"4":0,"5":0,"6":0,"7":0,"8":0,"9":0,"10":0,"11":0,"12":0,"13":0,"14":0,"15":0,"16":0,"17":0,"18":0,"19":0,"20":0,"21":0,"22":0,"23":0,"24":0,"25":0,"26":0,"27":0,"28":0,"29":0,"30":0,"31":0,"32":0,"33":0,"34":0,"35":0,"36":0,"37":0,"38":0,"39":0,"40":0,"41":0,"42":0,"43":0,"44":0,"45":0,"46":0,"47":0,"48":0,"49":0,"50":0,"51":0,"52":0,"53":0,"54":0,"55":0,"56":0,"57":0,"58":0,"59":0,"60":0,"61":0,"62":0,"63":0,"64":0,"65":0,"66":0,"67":0,"68":0,"69":0,"70":0,"71":0,"72":0,"73":0,"74":0,"75":0,"76":0,"77":0,"78":0,"79":0,"80":0,"81":0,"82":0,"83":0,"84":0,"85":0,"86":0,"87":0,"88":0,"89":0,"90":0,"91":0,"92":0,"93":0,"94":0,"95":0,"96":0,"97":0,"98":0,"99":0,"100":0,"101":0,"102":0,"103":0,"104":0,"105":0,"106":0,"107":0,"108":0,"109":0,"110":0},"f":{"0":0,"1":0,"2":0,"3":0,"4":0,"5":0,"6":0,"7":0,"8":0,"9":0,"10":0,"11":0,"12":0,"13":0,"14":0,"15":0,"16":0,"17":0,"18":0,"19":0,"20":0,"21":0,"22":0,"23":0,"24":0,"25":0,"26":0,"27":0,"28":0,"29":0,"30":0,"31":0,"32":0,"33":0,"34":0,"35":0,"36":0},"b":{"0":[0],"1":[0,0],"2":[0,0],"3":[0,0],"4":[0,0],"5":[0,0],"6":[0,0],"7":[0,0],"8":[0,0],"9":[0,0],"10":[0,0],"11":[0,0],"12":[0,0],"13":[0,0],"14":[0,0],"15":[0,0],"16":[0,0],"17":[0,0],"18":[0,0],"19":[0,0],"20":[0,0],"21":[0,0],"22":[0,0],"23":[0,0],"24":[0,0],"25":[0,0],"26":[0,0]},"_coverageSchema":"1a1c01bbd47fc00a2c39e90264f33305004495a9","hash":"d67801767d3db82a9e111ab77c7404abee7482cf"}
[...]
63":{"start":{"line":168,"column":35},"end":{"line":168,"column":77}},"64":{"start":{"line":169,"column":33},"end":{"line":169,"column":71}},"65":{"start":{"line":170,"column":30},"end":{"line":172,"column":21}},"66":{"start":{"line":175,"column":35},"end":{"line":175,"column":74}},"67":{"start":{"line":178,"column":30},"end":{"line":178,"column":70}},"68":{"start":{"line":180,"column":14},"end":{"line":238,"column":16}},"69":{"start":{"line":209,"column":28},"end":{"line":218,"column":37}},"70":{"start":{"line":213,"column":45},"end":{"line":213,"column":66}},"71":{"start":{"line":214,"column":50},"end":{"line":214,"column":75}},"72":{"start":{"line":215,"column":50},"end":{"line":215,"column":72}},"73":{"start":{"line":223,"column":41},"end":{"line":223,"column":76}},"74":{"start":{"line":228,"column":41},"end":{"line":228,"column":58}}},"fnMap":{"0":{"name":"(anonymous_0)","decl":{"start":{"line":16,"column":16},"end":{"line":16,"column":17}},"loc":{"start":{"line":16,"column":22},"end":{"line":245,"column":1}},"line":16},"1":{"name":"(anonymous_1)","decl":{"start":{"line":27,"column":7},"end":{"line":27,"column":8}},"loc":{"start":{"line":27,"column":13},"end":{"line":30,"column":7}},"line":27},"2":{"name":"(anonymous_2)","decl":{"start":{"line":34,"column":12},"end":{"line":34,"column":13}},"loc":{"start":{"line":34,"column":18},"end":{"line":77,"column":3}},"line":34},"3":{"name":"(anonymous_3)","decl":{"start":{"line":37,"column":25},"end":{"line":37,"column":26}},"loc":{"start":{"line":37,"column":37},"end":{"line":74,"column":5}},"line":37},"4":{"name":"(anonymous_4)","decl":{"start":{"line":44,"column":34},"end":{"line":44,"column":35}},"loc":{"start":{"line":44,"column":40},"end":{"line":44,"column":65}},"line":44},"5":{"name":"(anonymous_5)","decl":{"start":{"line":47,"column":44},"end":{"line":47,"column":45}},"loc":{"start":{"line":47,"column":49},"end":{"line":47,"column":57}},"line":47},"6":{"name":"(anonymous_6)","decl":{"start":{"line":51,"column":22},"end":{"line":51,"column":23}},"loc":{"start":{"line":51,"column":28},"end":{"line":51,"column":56}},"line":51},"7":{"name":"(anonymous_7)","decl":{"start":{"line":56,"column":25},"end":{"line":56,"column":26}},"loc":{"start":{"line":56,"column":31},"end":{"line":58,"column":9}},"line":56},"8":{"name":"(anonymous_8)","decl":{"start":{"line":62,"column":18},"end":{"line":62,"column":19}},"loc":{"start":{"line":62,"column":24},"end":{"line":69,"column":11}},"line":62},"9":{"name":"(anonymous_9)","decl":{"start":{"line":80,"column":12},"end":{"line":80,"column":13}},"loc":{"start":{"line":80,"column":18},"end":{"line":100,"column":3}},"line":80},"10":{"name":"(anonymous_10)","decl":{"start":{"line":83,"column":27},"end":{"line":83,"column":28}},"loc":{"start":{"line":83,"column":39},"end":{"line":97,"column":5}},"line":83},"11":{"name":"(anonymous_11)","decl":{"start":{"line":86,"column":21},"end":{"line":86,"column":22}},"loc":{"start":{"line":86,"column":32},"end":{"line":94,"column":9}},"line":86},"12":{"name":"(anonymous_12)","decl":{"start":{"line":103,"column":23},"end":{"line":103,"column":24}},"loc":{"start":{"line":104,"column":4},"end":{"line":104,"column":51}},"line":104},"13":{"name":"(anonymous_13)","decl":{"start":{"line":104,"column":15},"end":{"line":104,"column":16}},"loc":{"start":{"line":104,"column":24},"end":{"line":104,"column":49}},"line":104},"14":{"name":"(anonymous_14)","decl":{"start":{"line":106,"column":27},"end":{"line":106,"column":28}},"loc":{"start":{"line":107,"column":4},"end":{"line":107,"column":56}},"line":107},"15":{"name":"(anonymous_15)","decl":{"start":{"line":107,"column":20},"end":{"line":107,"column":21}},"loc":{"start":{"line":107,"column":29},"end":{"line":107,"column":54}},"line":107},"16":{"name":"(anonymous_16)","decl":{"start":{"line":109,"column":27},"end":{"line":109,"column":28}},"loc":{"start":{"line":110,"column":4},"end":{"line":110,"column":52}},"line":110},"17":{"name":"(anonymous_17)","decl":{"start":{"line":110,"column":20},"end":{"line":110,"column":21}},"loc":{"start":{"line":110,"column":29},"end":{"line":110,"column":50}},"line":110},"18":{"name":"(anonymous_18)","decl":{"start":{"line":112,"column":24},"end":{"line":112,"column":25}},"loc":{"start":{"line":113,"column":4},"end":{"line":113,"column":51}},"line":113},"19":{"name":"(anonymous_19)","decl":{"start":{"line":113,"column":16},"end":{"line":113,"column":17}},"loc":{"start":{"line":113,"column":25},"end":{"line":113,"column":49}},"line":113},"20":{"name":"(anonymous_20)","decl":{"start":{"line":116,"column":25},"end":{"line":116,"column":26}},"loc":{"start":{"line":116,"column":42},"end":{"line":131,"column":3}},"line":116},"21":{"name":"(anonymous_21)","decl":{"start":{"line":127,"column":19},"end":{"line":127,"column":20}},"loc":{"start":{"line":127,"column":28},"end":{"line":127,"column":52}},"line":127},"22":{"name":"(anonymous_22)","decl":{"start":{"line":166,"column":26},"end":{"line":166,"column":27}},"loc":{"start":{"line":166,"column":31},"end":{"line":239,"column":13}},"line":166},"23":{"name":"(anonymous_23)","decl":{"start":{"line":208,"column":47},"end":{"line":208,"column":48}},"loc":{"start":{"line":209,"column":28},"end":{"line":218,"column":37}},"line":209},"24":{"name":"(anonymous_24)","decl":{"start":{"line":213,"column":39},"end":{"line":213,"column":40}},"loc":{"start":{"line":213,"column":45},"end":{"line":213,"column":66}},"line":213},"25":{"name":"(anonymous_25)","decl":{"start":{"line":214,"column":44},"end":{"line":214,"column":45}},"loc":{"start":{"line":214,"column":50},"end":{"line":214,"column":75}},"line":214},"26":{"name":"(anonymous_26)","decl":{"start":{"line":215,"column":44},"end":{"line":215,"column":45}},"loc":{"start":{"line":215,"column":50},"end":{"line":215,"column":72}},"line":215},"27":{"name":"(anonymous_27)","decl":{"start":{"line":223,"column":36},"end":{"line":223,"column":37}},"loc":{"start":{"line":223,"column":41},"end":{"line":223,"column":76}},"line":223},"28":{"name":"(anonymous_28)","decl":{"start":{"line":228,"column":35},"end":{"line":228,"column":36}},"loc":{"start":{"line":228,"column":41},"end":{"line":228,"column":58}},"line":228}},"branchMap":{"0":{"loc":{"start":{"line":26,"column":21},"end":{"line":31,"column":9}},"type":"cond-expr","locations":[{"start":{"line":27,"column":6},"end":{"line":30,"column":10}},{"start":{"line":31,"column":6},"end":{"line":31,"column":9}}],"line":26},"1":{"loc":{"start":{"line":29,"column":15},"end":{"line":29,"column":64}},"type":"cond-expr","locations":[{"start":{"line":29,"column":36},"end":{"line":29,"column":39}},{"start":{"line":29,"column":42},"end":{"line":29,"column":64}}],"line":29},"2":{"loc":{"start":{"line":35,"column":4},"end":{"line":35,"column":22}},"type":"if","locations":[{"start":{"line":35,"column":4},"end":{"line":35,"column":22}},{"start":{},"end":{}}],"line":35},"3":{"loc":{"start":{"line":57,"column":10},"end":{"line":57,"column":55}},"type":"if","locations":[{"start":{"line":57,"column":10},"end":{"line":57,"column":55}},{"start":{},"end":{}}],"line":57},"4":{"loc":{"start":{"line":64,"column":18},"end":{"line":68,"column":13}},"type":"binary-expr","locations":[{"start":{"line":64,"column":18},"end":{"line":64,"column":36}},{"start":{"line":64,"column":40},"end":{"line":68,"column":13}}],"line":64},"5":{"loc":{"start":{"line":65,"column":21},"end":{"line":65,"column":51}},"type":"binary-expr","locations":[{"start":{"line":65,"column":21},"end":{"line":65,"column":32}},{"start":{"line":65,"column":36},"end":{"line":65,"column":51}}],"line":65},"6":{"loc":{"start":{"line":66,"column":24},"end":{"line":66,"column":65}},"type":"binary-expr","locations":[{"start":{"line":66,"column":24},"end":{"line":66,"column":38}},{"start":{"line":66,"column":42},"end":{"line":66,"column":65}}],"line":66},"7":{"loc":{"start":{"line":67,"column":27},"end":{"line":67,"column":50}},"type":"binary-expr","locations":[{"start":{"line":67,"column":27},"end":{"line":67,"column":44}},{"start":{"line":67,"column":48},"end":{"line":67,"column":50}}],"line":67},"8":{"loc":{"start":{"line":81,"column":4},"end":{"line":81,"column":47}},"type":"if","locations":[{"start":{"line":81,"column":4},"end":{"line":81,"column":47}},{"start":{},"end":{}}],"line":81},"9":{"loc":{"start":{"line":81,"column":8},"end":{"line":81,"column":38}},"type":"binary-expr","locations":[{"start":{"line":81,"column":8},"end":{"line":81,"column":13}},{"start":{"line":81,"column":17},"end":{"line":81,"column":38}}],"line":81},"10":{"loc":{"start":{"line":93,"column":10},"end":{"line":93,"column":48}},"type":"if","locations":[{"start":{"line":93,"column":10},"end":{"line":93,"column":48}},{"start":{},"end":{}}],"line":93},"11":{"loc":{"start":{"line":123,"column":16},"end":{"line":123,"column":33}},"type":"binary-expr","locations":[{"start":{"line":123,"column":16},"end":{"line":123,"column":28}},{"start":{"line":123,"column":32},"end":{"line":123,"column":33}}],"line":123},"12":{"loc":{"start":{"line":124,"column":17},"end":{"line":124,"column":36}},"type":"binary-expr","locations":[{"start":{"line":124,"column":17},"end":{"line":124,"column":30}},{"start":{"line":124,"column":34},"end":{"line":124,"column":36}}],"line":124},"13":{"loc":{"start":{"line":138,"column":15},"end":{"line":138,"column":54}},"type":"binary-expr","locations":[{"start":{"line":138,"column":15},"end":{"line":138,"column":28}},{"start":{"line":138,"column":32},"end":{"line":138,"column":54}}],"line":138},"14":{"loc":{"start":{"line":143,"column":40},"end":{"line":143,"column":67}},"type":"binary-expr","locations":[{"start":{"line":143,"column":40},"end":{"line":143,"column":53}},{"start":{"line":143,"column":57},"end":{"line":143,"column":67}}],"line":143},"15":{"loc":{"start":{"line":144,"column":39},"end":{"line":144,"column":73}},"type":"binary-expr","locations":[{"start":{"line":144,"column":39},"end":{"line":144,"column":63}},{"start":{"line":144,"column":67},"end":{"line":144,"column":73}}],"line":144},"16":{"loc":{"start":{"line":162,"column":9},"end":{"line":241,"column":9}},"type":"cond-expr","locations":[{"start":{"line":163,"column":10},"end":{"line":163,"column":71}},{"start":{"line":165,"column":10},"end":{"line":240,"column":15}}],"line":162},"17":{"loc":{"start":{"line":168,"column":35},"end":{"line":168,"column":77}},"type":"cond-expr","locations":[{"start":{"line":168,"column":49},"end":{"line":168,"column":70}},{"start":{"line":168,"column":73},"end":{"line":168,"column":77}}],"line":168},"18":{"loc":{"start":{"line":169,"column":33},"end":{"line":169,"column":71}},"type":"cond-expr","locations":[{"start":{"line":169,"column":45},"end":{"line":169,"column":64}},{"start":{"line":169,"column":67},"end":{"line":169,"column":71}}],"line":169},"19":{"loc":{"start":{"line":170,"column":30},"end":{"line":172,"column":21}},"type":"cond-expr","locations":[{"start":{"line":171,"column":18},"end":{"line":171,"column":111}},{"start":{"line":172,"column":18},"end":{"line":172,"column":21}}],"line":170},"20":{"loc":{"start":{"line":170,"column":30},"end":{"line":170,"column":76}},"type":"binary-expr","locations":[{"start":{"line":170,"column":30},"end":{"line":170,"column":42}},{"start":{"line":170,"column":46},"end":{"line":170,"column":76}}],"line":170},"21":{"loc":{"start":{"line":171,"column":60},"end":{"line":171,"column":109}},"type":"cond-expr","locations":[{"start":{"line":171,"column":73},"end":{"line":171,"column":104}},{"start":{"line":171,"column":107},"end":{"line":171,"column":109}}],"line":171},"22":{"loc":{"start":{"line":175,"column":35},"end":{"line":175,"column":74}},"type":"cond-expr","locations":[{"start":{"line":175,"column":58},"end":{"line":175,"column":70}},{"start":{"line":175,"column":73},"end":{"line":175,"column":74}}],"line":175},"23":{"loc":{"start":{"line":178,"column":30},"end":{"line":178,"column":70}},"type":"binary-expr","locations":[{"start":{"line":178,"column":30},"end":{"line":178,"column":48}},{"start":{"line":178,"column":52},"end":{"line":178,"column":65}},{"start":{"line":178,"column":69},"end":{"line":178,"column":70}}],"line":178},"24":{"loc":{"start":{"line":184,"column":25},"end":{"line":184,"column":67}},"type":"binary-expr","locations":[{"start":{"line":184,"column":25},"end":{"line":184,"column":40}},{"start":{"line":184,"column":44},"end":{"line":184,"column":67}}],"line":184},"25":{"loc":{"start":{"line":185,"column":25},"end":{"line":185,"column":47}},"type":"binary-expr","locations":[{"start":{"line":185,"column":25},"end":{"line":185,"column":37}},{"start":{"line":185,"column":41},"end":{"line":185,"column":47}}],"line":185},"26":{"loc":{"start":{"line":191,"column":21},"end":{"line":193,"column":21}},"type":"binary-expr","locations":[{"start":{"line":191,"column":21},"end":{"line":191,"column":39}},{"start":{"line":192,"column":22},"end":{"line":192,"column":74}}],"line":191},"27":{"loc":{"start":{"line":202,"column":21},"end":{"line":235,"column":21}},"type":"cond-expr","locations":[{"start":{"line":203,"column":22},"end":{"line":203,"column":85}},{"start":{"line":205,"column":22},"end":{"line":234,"column":28}}],"line":202},"28":{"loc":{"start":{"line":212,"column":41},"end":{"line":212,"column":80}},"type":"cond-expr","locations":[{"start":{"line":212,"column":56},"end":{"line":212,"column":71}},{"start":{"line":212,"column":74},"end":{"line":212,"column":80}}],"line":212},"29":{"loc":{"start":{"line":222,"column":33},"end":{"line":222,"column":53}},"type":"binary-expr","locations":[{"start":{"line":222,"column":33},"end":{"line":222,"column":47}},{"start":{"line":222,"column":51},"end":{"line":222,"column":53}}],"line":222},"30":{"loc":{"start":{"line":230,"column":33},"end":{"line":230,"column":84}},"type":"cond-expr","locations":[{"start":{"line":230,"column":55},"end":{"line":230,"column":79}},{"start":{"line":230,"column":82},"end":{"line":230,"column":84}}],"line":230}},"s":{"0":1,"1":0,"2":0,"3":0,"4":0,"5":0,"6":0,"7":0,"8":0,"9":0,"10":0,"11":0,"12":0,"13":0,"14":0,"15":0,"16":0,"17":0,"18":0,"19":0,"20":0,"21":0,"22":0,"23":0,"24":0,"25":0,"26":0,"27":0,"28":0,"29":0,"30":0,"31":0,"32":0,"33":0,"34":0,"35":0,"36":0,"37":0,"38":0,"39":0,"40":0,"41":0,"42":0,"43":0,"44":0,"45":0,"46":0,"47":0,"48":0,"49":0,"50":0,"51":0,"52":0,"53":0,"54":0,"55":0,"56":0,"57":0,"58":0,"59":0,"60":0,"61":0,"62":0,"63":0,"64":0,"65":0,"66":0,"67":0,"68":0,"69":0,"70":0,"71":0,"72":0,"73":0,"74":0},"f":{"0":0,"1":0,"2":0,"3":0,"4":0,"5":0,"6":0,"7":0,"8":0,"9":0,"10":0,"11":0,"12":0,"13":0,"14":0,"15":0,"16":0,"17":0,"18":0,"19":0,"20":0,"21":0,"22":0,"23":0,"24":0,"25":0,"26":0,"27":0,"28":0},"b":{"0":[0,0],"1":[0,0],"2":[0,0],"3":[0,0],"4":[0,0],"5":[0,0],"6":[0,0],"7":[0,0],"8":[0,0],"9":[0,0],"10":[0,0],"11":[0,0],"12":[0,0],"13":[0,0],"14":[0,0],"15":[0,0],"16":[0,0],"17":[0,0],"18":[0,0],"19":[0,0],"20":[0,0],"21":[0,0],"22":[0,0],"23":[0,0,0],"24":[0,0],"25":[0,0],"26":[0,0],"27":[0,0],"28":[0,0],"29":[0,0],"30":[0,0]},"_coverageSchema":"1a1c01bbd47fc00a2c39e90264f33305004495a9","hash":"1cb11a7ae9d0eff6fa9c1e05feadb9449a864cd6"}
,"C:\\jp\\Room-Rental-App\\src\\pages\\Register.js": {"path":"C:\\jp\\Room-Rental-App\\src\\pages\\Register.js","statementMap":{"0":{"start":{"line":6,"column":17},"end":{"line":87,"column":1}},"1":{"start":{"line":7,"column":34},"end":{"line":7,"column":46}},"2":{"start":{"line":8,"column":26},"end":{"line":8,"column":43}},"3":{"start":{"line":9,"column":28},"end":{"line":9,"column":40}},"4":{"start":{"line":10,"column":34},"end":{"line":10,"column":46}},"5":{"start":{"line":11,"column":48},"end":{"line":11,"column":60}},"6":{"start":{"line":12,"column":28},"end":{"line":12,"column":43}},"7":{"start":{"line":13,"column":28},"end":{"line":13,"column":40}},"8":{"start":{"line":14,"column":23},"end":{"line":14,"column":46}},"9":{"start":{"line":15,"column":19},"end":{"line":15,"column":32}},"10":{"start":{"line":17,"column":23},"end":{"line":36,"column":3}},"11":{"start":{"line":18,"column":4},"end":{"line":18,"column":23}},"12":{"start":{"line":19,"column":4},"end":{"line":19,"column":17}},"13":{"start":{"line":20,"column":4},"end":{"line":22,"column":5}},"14":{"start":{"line":21,"column":6},"end":{"line":21,"column":49}},"15":{"start":{"line":23,"column":4},"end":{"line":25,"column":5}},"16":{"start":{"line":24,"column":6},"end":{"line":24,"column":67}},"17":{"start":{"line":26,"column":4},"end":{"line":35,"column":5}},"18":{"start":{"line":27,"column":6},"end":{"line":27,"column":54}},"19":{"start":{"line":28,"column":6},"end":{"line":32,"column":7}},"20":{"start":{"line":29,"column":8},"end":{"line":29,"column":38}},"21":{"start":{"line":31,"column":8},"end":{"line":31,"column":27}},"22":{"start":{"line":34,"column":6},"end":{"line":34,"column":28}},"23":{"start":{"line":38,"column":2},"end":{"line":86,"column":4}},"24":{"start":{"line":47,"column":25},"end":{"line":47,"column":52}},"25":{"start":{"line":50,"column":44},"end":{"line":50,"column":67}},"26":{"start":{"line":58,"column":25},"end":{"line":58,"column":49}},"27":{"start":{"line":65,"column":25},"end":{"line":65,"column":52}},"28":{"start":{"line":72,"column":25},"end":{"line":72,"column":59}},"29":{"start":{"line":79,"column":27},"end":{"line":79,"column":53}}},"fnMap":{"0":{"name":"(anonymous_0)","decl":{"start":{"line":6,"column":17},"end":{"line":6,"column":18}},"loc":{"start":{"line":6,"column":23},"end":{"line":87,"column":1}},"line":6},"1":{"name":"(anonymous_1)","decl":{"start":{"line":17,"column":23},"end":{"line":17,"column":24}},"loc":{"start":{"line":17,"column":34},"end":{"line":36,"column":3}},"line":17},"2":{"name":"(anonymous_2)","decl":{"start":{"line":47,"column":20},"end":{"line":47,"column":21}},"loc":{"start":{"line":47,"column":25},"end":{"line":47,"column":52}},"line":47},"3":{"name":"(anonymous_3)","decl":{"start":{"line":50,"column":39},"end":{"line":50,"column":40}},"loc":{"start":{"line":50,"column":44},"end":{"line":50,"column":67}},"line":50},"4":{"name":"(anonymous_4)","decl":{"start":{"line":58,"column":20},"end":{"line":58,"column":21}},"loc":{"start":{"line":58,"column":25},"end":{"line":58,"column":49}},"line":58},"5":{"name":"(anonymous_5)","decl":{"start":{"line":65,"column":20},"end":{"line":65,"column":21}},"loc":{"start":{"line":65,"column":25},"end":{"line":65,"column":52}},"line":65},"6":{"name":"(anonymous_6)","decl":{"start":{"line":72,"column":20},"end":{"line":72,"column":21}},"loc":{"start":{"line":72,"column":25},"end":{"line":72,"column":59}},"line":72},"7":{"name":"(anonymous_7)","decl":{"start":{"line":79,"column":22},"end":{"line":79,"column":23}},"loc":{"start":{"line":79,"column":27},"end":{"line":79,"column":53}},"line":79}},"branchMap":{"0":{"loc":{"start":{"line":20,"column":4},"end":{"line":22,"column":5}},"type":"if","locations":[{"start":{"line":20,"column":4},"end":{"line":22,"column":5}},{"start":{},"end":{}}],"line":20},"1":{"loc":{"start":{"line":23,"column":4},"end":{"line":25,"column":5}},"type":"if","locations":[{"start":{"line":23,"column":4},"end":{"line":25,"column":5}},{"start":{},"end":{}}],"line":23},"2":{"loc":{"start":{"line":28,"column":6},"end":{"line":32,"column":7}},"type":"if","locations":[{"start":{"line":28,"column":6},"end":{"line":32,"column":7}},{"start":{"line":30,"column":13},"end":{"line":32,"column":7}}],"line":28},"3":{"loc":{"start":{"line":41,"column":7},"end":{"line":41,"column":48}},"type":"binary-expr","locations":[{"start":{"line":41,"column":7},"end":{"line":41,"column":12}},{"start":{"line":41,"column":16},"end":{"line":41,"column":48}}],"line":41}},"s":{"0":1,"1":0,"2":0,"3":0,"4":0,"5":0,"6":0,"7":0,"8":0,"9":0,"10":0,"11":0,"12":0,"13":0,"14":0,"15":0,"16":0,"17":0,"18":0,"19":0,"20":0,"21":0,"22":0,"23":0,"24":0,"25":0,"26":0,"27":0,"28":0,"29":0},"f":{"0":0,"1":0,"2":0,"3":0,"4":0,"5":0,"6":0,"7":0},"b":{"0":[0,0],"1":[0,0],"2":[0,0],"3":[0,0]},"_coverageSchema":"1a1c01bbd47fc00a2c39e90264f33305004495a9","hash":"41a8eafb28f1a46334ac8016df6feabf21c5563b"}
}
